==========================================
Starting Auto Trade Bot
==========================================
Instrument:  EUR_USD
Timeframe:   tf:5m
Stop Loss:   sl:SuperTrend
Account:     account1
CSV Log:     /Users/dongchen/Documents/AI-project/GitHub/ppsupertrend/account1/csv/EUR_USD_5m_sl-SuperTrend.csv
Bot Log:     /Users/dongchen/Documents/AI-project/GitHub/ppsupertrend/account1/logs/bot_EUR_USD_5m_SuperTrend.log
==========================================

/Users/dongchen/Library/Python/3.9/lib/python/site-packages/urllib3/__init__.py:35: NotOpenSSLWarning: urllib3 v2 only supports OpenSSL 1.1.1+, currently the 'ssl' module is compiled with 'LibreSSL 2.8.3'. See: https://github.com/urllib3/urllib3/issues/3020
  warnings.warn(

✓ Using account: account1 (101-001-35749385-001)

================================================================================
⚠️  RUNNING IN PRACTICE MODE
================================================================================
[5m-supertrend] 2026-01-08 21:30:48 - INFO - ================================================================================
[5m-supertrend] 2026-01-08 21:30:48 - INFO - Enhanced Trading Bot Initialized
[5m-supertrend] 2026-01-08 21:30:48 - INFO - ================================================================================
[5m-supertrend] 2026-01-08 21:30:48 - INFO - Account: 101-001-35749385-001
[5m-supertrend] 2026-01-08 21:30:48 - INFO - Mode: PRACTICE
[5m-supertrend] 2026-01-08 21:30:48 - INFO - Instrument: EUR_USD
[5m-supertrend] 2026-01-08 21:30:48 - INFO - Timeframe: 5m (M5)
[5m-supertrend] 2026-01-08 21:30:48 - INFO - Stop Loss Type: SuperTrend
[5m-supertrend] 2026-01-08 21:30:48 - INFO - CSV Log: account1/csv/EUR_USD_5m_sl-SuperTrend.csv
[5m-supertrend] 2026-01-08 21:30:48 - INFO - Text Log: account1/logs/bot_EUR_USD_5m_SuperTrend.log
[5m-supertrend] 2026-01-08 21:30:48 - INFO - Parameters: PP=2, ATR Factor=3.0, ATR Period=10
[5m-supertrend] 2026-01-08 21:30:48 - INFO - Check Interval: 60 seconds
[5m-supertrend] 2026-01-08 21:30:48 - INFO - Trailing Stop: ENABLED
[5m-supertrend] 2026-01-08 21:30:48 - INFO - ================================================================================

📊 Starting bot...
Account: account1
Instrument: EUR_USD
Timeframe: 5m
Stop Loss: SuperTrend
CSV Log: account1/csv/EUR_USD_5m_sl-SuperTrend.csv

Press Ctrl+C to stop

[5m-supertrend] 2026-01-08 21:30:48 - INFO - 🚀 Trading bot started
[5m-supertrend] 2026-01-08 21:30:48 - INFO - --------------------------------------------------------------------------------
[5m-supertrend] 2026-01-08 21:30:48 - INFO - Time: 2026-01-08 21:30:48
[5m-supertrend] 2026-01-08 21:30:48 - INFO - Balance: $499773.16 | P/L: $0.00
[5m-supertrend] 2026-01-08 21:30:48 - INFO - Signal: HOLD_LONG | Price: 1.16530
⏰ Skipping stale HOLD_LONG signal: 348.9s old (max: 180s)
[5m-supertrend] 2026-01-08 21:31:49 - INFO - --------------------------------------------------------------------------------
[5m-supertrend] 2026-01-08 21:31:49 - INFO - Time: 2026-01-08 21:31:49
[5m-supertrend] 2026-01-08 21:31:49 - INFO - Balance: $499773.16 | P/L: $0.00
[5m-supertrend] 2026-01-08 21:31:49 - INFO - Signal: HOLD_LONG | Price: 1.16530
⏰ Skipping stale HOLD_LONG signal: 409.4s old (max: 180s)
[5m-supertrend] 2026-01-08 21:32:50 - INFO - --------------------------------------------------------------------------------
[5m-supertrend] 2026-01-08 21:32:50 - INFO - Time: 2026-01-08 21:32:50
[5m-supertrend] 2026-01-08 21:32:50 - INFO - Balance: $499773.16 | P/L: $0.00
[5m-supertrend] 2026-01-08 21:32:50 - INFO - Signal: HOLD_LONG | Price: 1.16530
⏰ Skipping stale HOLD_LONG signal: 470.0s old (max: 180s)
[5m-supertrend] 2026-01-08 21:33:50 - INFO - --------------------------------------------------------------------------------
[5m-supertrend] 2026-01-08 21:33:50 - INFO - Time: 2026-01-08 21:33:50
[5m-supertrend] 2026-01-08 21:33:50 - INFO - Balance: $499773.16 | P/L: $0.00
[5m-supertrend] 2026-01-08 21:33:50 - INFO - Signal: HOLD_LONG | Price: 1.16530
⏰ Skipping stale HOLD_LONG signal: 530.5s old (max: 180s)
[5m-supertrend] 2026-01-08 21:34:51 - INFO - --------------------------------------------------------------------------------
[5m-supertrend] 2026-01-08 21:34:51 - INFO - Time: 2026-01-08 21:34:51
[5m-supertrend] 2026-01-08 21:34:51 - INFO - Balance: $499773.16 | P/L: $0.00
[5m-supertrend] 2026-01-08 21:34:51 - INFO - Signal: HOLD_LONG | Price: 1.16530
⏰ Skipping stale HOLD_LONG signal: 591.1s old (max: 180s)
[5m-supertrend] 2026-01-08 21:35:51 - INFO - --------------------------------------------------------------------------------
[5m-supertrend] 2026-01-08 21:35:51 - INFO - Time: 2026-01-08 21:35:51
[5m-supertrend] 2026-01-08 21:35:51 - INFO - Balance: $499773.16 | P/L: $0.00
[5m-supertrend] 2026-01-08 21:35:51 - INFO - Signal: HOLD_LONG | Price: 1.16512
⏰ Skipping stale HOLD_LONG signal: 351.6s old (max: 180s)
[5m-supertrend] 2026-01-08 21:36:52 - INFO - --------------------------------------------------------------------------------
[5m-supertrend] 2026-01-08 21:36:52 - INFO - Time: 2026-01-08 21:36:52
[5m-supertrend] 2026-01-08 21:36:52 - INFO - Balance: $499773.16 | P/L: $0.00
[5m-supertrend] 2026-01-08 21:36:52 - INFO - Signal: HOLD_LONG | Price: 1.16512
⏰ Skipping stale HOLD_LONG signal: 412.1s old (max: 180s)
[5m-supertrend] 2026-01-08 21:37:52 - INFO - --------------------------------------------------------------------------------
[5m-supertrend] 2026-01-08 21:37:52 - INFO - Time: 2026-01-08 21:37:52
[5m-supertrend] 2026-01-08 21:37:52 - INFO - Balance: $499773.16 | P/L: $0.00
[5m-supertrend] 2026-01-08 21:37:52 - INFO - Signal: HOLD_LONG | Price: 1.16512
⏰ Skipping stale HOLD_LONG signal: 472.7s old (max: 180s)
[5m-supertrend] 2026-01-08 21:38:53 - INFO - --------------------------------------------------------------------------------
[5m-supertrend] 2026-01-08 21:38:53 - INFO - Time: 2026-01-08 21:38:53
[5m-supertrend] 2026-01-08 21:38:53 - INFO - Balance: $499773.16 | P/L: $0.00
[5m-supertrend] 2026-01-08 21:38:53 - INFO - Signal: HOLD_LONG | Price: 1.16512
⏰ Skipping stale HOLD_LONG signal: 533.3s old (max: 180s)
[5m-supertrend] 2026-01-08 21:39:54 - INFO - --------------------------------------------------------------------------------
[5m-supertrend] 2026-01-08 21:39:54 - INFO - Time: 2026-01-08 21:39:54
[5m-supertrend] 2026-01-08 21:39:54 - INFO - Balance: $499773.16 | P/L: $0.00
[5m-supertrend] 2026-01-08 21:39:54 - INFO - Signal: HOLD_LONG | Price: 1.16512
⏰ Skipping stale HOLD_LONG signal: 593.9s old (max: 180s)
[5m-supertrend] 2026-01-08 21:40:55 - INFO - 📌 Recovered tracking: Trade 663 @ 1.16506
[5m-supertrend] 2026-01-08 21:40:55 - INFO - --------------------------------------------------------------------------------
[5m-supertrend] 2026-01-08 21:40:55 - INFO - Time: 2026-01-08 21:40:55
[5m-supertrend] 2026-01-08 21:40:55 - INFO - Balance: $499773.16 | P/L: $-16.56
[5m-supertrend] 2026-01-08 21:40:55 - INFO - Position: SHORT 138031.0 units
[5m-supertrend] 2026-01-08 21:40:55 - INFO - Signal: SELL | Price: 1.16508
[5m-supertrend] 2026-01-08 21:40:55 - INFO - 🔍 SIGNAL DETECTED: SELL
[5m-supertrend] 2026-01-08 21:40:55 - INFO -    Candle Time: 2026-01-09 05:35:00+00:00
[5m-supertrend] 2026-01-08 21:40:55 - INFO -    Current Time: 2026-01-08 21:40:55
[5m-supertrend] 2026-01-08 21:40:55 - INFO -    Candle Age: 5.9 minutes
[5m-supertrend] 2026-01-08 21:40:55 - INFO -    Price: 1.16508
[5m-supertrend] 2026-01-08 21:40:55 - INFO -    SuperTrend: 1.16580
[5m-supertrend] 2026-01-08 21:40:55 - INFO -    Trend: -1
[5m-supertrend] 2026-01-08 21:40:55 - INFO -    Pivot Center: 1.16548
⏰ Skipping stale SELL signal: 354.9s old (max: 180s)
[5m-supertrend] 2026-01-08 21:40:55 - INFO -   Stop Loss Adjustment (SHORT): 1.16580 → 1.16588
[5m-supertrend] 2026-01-08 21:40:55 - INFO -     SuperTrend (midpoint): 1.16580
[5m-supertrend] 2026-01-08 21:40:55 - INFO -     Spread: 0.00015 (1.5 pips)
[5m-supertrend] 2026-01-08 21:40:55 - INFO -     Adjustment: +0.00008 (+0.8 pips)
[5m-supertrend] 2026-01-08 21:40:55 - INFO -     → Position closes when midpoint touches 1.16580
[5m-supertrend] 2026-01-08 21:40:55 - INFO - Initialized trailing stop: 1.16588
[5m-supertrend] 2026-01-08 21:41:56 - INFO - --------------------------------------------------------------------------------
[5m-supertrend] 2026-01-08 21:41:56 - INFO - Time: 2026-01-08 21:41:56
[5m-supertrend] 2026-01-08 21:41:56 - INFO - Balance: $499773.16 | P/L: $-20.70
[5m-supertrend] 2026-01-08 21:41:56 - INFO - Position: SHORT 138031.0 units
[5m-supertrend] 2026-01-08 21:41:56 - INFO - Signal: SELL | Price: 1.16508
[5m-supertrend] 2026-01-08 21:41:56 - INFO - 🔍 SIGNAL DETECTED: SELL
[5m-supertrend] 2026-01-08 21:41:56 - INFO -    Candle Time: 2026-01-09 05:35:00+00:00
[5m-supertrend] 2026-01-08 21:41:56 - INFO -    Current Time: 2026-01-08 21:41:56
[5m-supertrend] 2026-01-08 21:41:56 - INFO -    Candle Age: 6.9 minutes
[5m-supertrend] 2026-01-08 21:41:56 - INFO -    Price: 1.16508
[5m-supertrend] 2026-01-08 21:41:56 - INFO -    SuperTrend: 1.16580
[5m-supertrend] 2026-01-08 21:41:56 - INFO -    Trend: -1
[5m-supertrend] 2026-01-08 21:41:56 - INFO -    Pivot Center: 1.16548
⏰ Skipping stale SELL signal: 416.2s old (max: 180s)
[5m-supertrend] 2026-01-08 21:41:56 - INFO -   Stop Loss Adjustment (SHORT): 1.16580 → 1.16588
[5m-supertrend] 2026-01-08 21:41:56 - INFO -     SuperTrend (midpoint): 1.16580
[5m-supertrend] 2026-01-08 21:41:56 - INFO -     Spread: 0.00016 (1.6 pips)
[5m-supertrend] 2026-01-08 21:41:56 - INFO -     Adjustment: +0.00008 (+0.8 pips)
[5m-supertrend] 2026-01-08 21:41:56 - INFO -     → Position closes when midpoint touches 1.16580
[5m-supertrend] 2026-01-08 21:42:56 - INFO - --------------------------------------------------------------------------------
[5m-supertrend] 2026-01-08 21:42:56 - INFO - Time: 2026-01-08 21:42:56
[5m-supertrend] 2026-01-08 21:42:56 - INFO - Balance: $499773.16 | P/L: $-17.94
[5m-supertrend] 2026-01-08 21:42:56 - INFO - Position: SHORT 138031.0 units
[5m-supertrend] 2026-01-08 21:42:56 - INFO - Signal: SELL | Price: 1.16508
[5m-supertrend] 2026-01-08 21:42:56 - INFO - 🔍 SIGNAL DETECTED: SELL
[5m-supertrend] 2026-01-08 21:42:56 - INFO -    Candle Time: 2026-01-09 05:35:00+00:00
[5m-supertrend] 2026-01-08 21:42:56 - INFO -    Current Time: 2026-01-08 21:42:56
[5m-supertrend] 2026-01-08 21:42:56 - INFO -    Candle Age: 7.9 minutes
[5m-supertrend] 2026-01-08 21:42:56 - INFO -    Price: 1.16508
[5m-supertrend] 2026-01-08 21:42:56 - INFO -    SuperTrend: 1.16580
[5m-supertrend] 2026-01-08 21:42:56 - INFO -    Trend: -1
[5m-supertrend] 2026-01-08 21:42:56 - INFO -    Pivot Center: 1.16548
⏰ Skipping stale SELL signal: 476.8s old (max: 180s)
[5m-supertrend] 2026-01-08 21:42:57 - INFO -   Stop Loss Adjustment (SHORT): 1.16580 → 1.16588
[5m-supertrend] 2026-01-08 21:42:57 - INFO -     SuperTrend (midpoint): 1.16580
[5m-supertrend] 2026-01-08 21:42:57 - INFO -     Spread: 0.00015 (1.5 pips)
[5m-supertrend] 2026-01-08 21:42:57 - INFO -     Adjustment: +0.00007 (+0.7 pips)
[5m-supertrend] 2026-01-08 21:42:57 - INFO -     → Position closes when midpoint touches 1.16580
[5m-supertrend] 2026-01-08 21:43:57 - INFO - --------------------------------------------------------------------------------
[5m-supertrend] 2026-01-08 21:43:57 - INFO - Time: 2026-01-08 21:43:57
[5m-supertrend] 2026-01-08 21:43:57 - INFO - Balance: $499773.16 | P/L: $-22.09
[5m-supertrend] 2026-01-08 21:43:57 - INFO - Position: SHORT 138031.0 units
[5m-supertrend] 2026-01-08 21:43:57 - INFO - Signal: SELL | Price: 1.16508
[5m-supertrend] 2026-01-08 21:43:57 - INFO - 🔍 SIGNAL DETECTED: SELL
[5m-supertrend] 2026-01-08 21:43:57 - INFO -    Candle Time: 2026-01-09 05:35:00+00:00
[5m-supertrend] 2026-01-08 21:43:57 - INFO -    Current Time: 2026-01-08 21:43:57
[5m-supertrend] 2026-01-08 21:43:57 - INFO -    Candle Age: 9.0 minutes
[5m-supertrend] 2026-01-08 21:43:57 - INFO -    Price: 1.16508
[5m-supertrend] 2026-01-08 21:43:57 - INFO -    SuperTrend: 1.16580
[5m-supertrend] 2026-01-08 21:43:57 - INFO -    Trend: -1
[5m-supertrend] 2026-01-08 21:43:57 - INFO -    Pivot Center: 1.16548
⏰ Skipping stale SELL signal: 537.5s old (max: 180s)
[5m-supertrend] 2026-01-08 21:43:57 - INFO -   Stop Loss Adjustment (SHORT): 1.16580 → 1.16588
[5m-supertrend] 2026-01-08 21:43:57 - INFO -     SuperTrend (midpoint): 1.16580
[5m-supertrend] 2026-01-08 21:43:57 - INFO -     Spread: 0.00016 (1.6 pips)
[5m-supertrend] 2026-01-08 21:43:57 - INFO -     Adjustment: +0.00008 (+0.8 pips)
[5m-supertrend] 2026-01-08 21:43:57 - INFO -     → Position closes when midpoint touches 1.16580
[5m-supertrend] 2026-01-08 21:44:58 - INFO - --------------------------------------------------------------------------------
[5m-supertrend] 2026-01-08 21:44:58 - INFO - Time: 2026-01-08 21:44:58
[5m-supertrend] 2026-01-08 21:44:58 - INFO - Balance: $499773.16 | P/L: $-17.94
[5m-supertrend] 2026-01-08 21:44:58 - INFO - Position: SHORT 138031.0 units
[5m-supertrend] 2026-01-08 21:44:58 - INFO - Signal: SELL | Price: 1.16508
[5m-supertrend] 2026-01-08 21:44:58 - INFO - 🔍 SIGNAL DETECTED: SELL
[5m-supertrend] 2026-01-08 21:44:58 - INFO -    Candle Time: 2026-01-09 05:35:00+00:00
[5m-supertrend] 2026-01-08 21:44:58 - INFO -    Current Time: 2026-01-08 21:44:58
[5m-supertrend] 2026-01-08 21:44:58 - INFO -    Candle Age: 10.0 minutes
[5m-supertrend] 2026-01-08 21:44:58 - INFO -    Price: 1.16508
[5m-supertrend] 2026-01-08 21:44:58 - INFO -    SuperTrend: 1.16580
[5m-supertrend] 2026-01-08 21:44:58 - INFO -    Trend: -1
[5m-supertrend] 2026-01-08 21:44:58 - INFO -    Pivot Center: 1.16548
⏰ Skipping stale SELL signal: 598.2s old (max: 180s)
[5m-supertrend] 2026-01-08 21:44:58 - INFO -   Stop Loss Adjustment (SHORT): 1.16580 → 1.16588
[5m-supertrend] 2026-01-08 21:44:58 - INFO -     SuperTrend (midpoint): 1.16580
[5m-supertrend] 2026-01-08 21:44:58 - INFO -     Spread: 0.00015 (1.5 pips)
[5m-supertrend] 2026-01-08 21:44:58 - INFO -     Adjustment: +0.00007 (+0.7 pips)
[5m-supertrend] 2026-01-08 21:44:58 - INFO -     → Position closes when midpoint touches 1.16580
[5m-supertrend] 2026-01-08 21:45:59 - INFO - --------------------------------------------------------------------------------
[5m-supertrend] 2026-01-08 21:45:59 - INFO - Time: 2026-01-08 21:45:59
[5m-supertrend] 2026-01-08 21:45:59 - INFO - Balance: $499773.16 | P/L: $-13.80
[5m-supertrend] 2026-01-08 21:45:59 - INFO - Position: SHORT 138031.0 units
[5m-supertrend] 2026-01-08 21:45:59 - INFO - Signal: HOLD_SHORT | Price: 1.16512
⏰ Skipping stale HOLD_SHORT signal: 358.9s old (max: 180s)
[5m-supertrend] 2026-01-08 21:45:59 - INFO -   Stop Loss Adjustment (SHORT): 1.16580 → 1.16589
[5m-supertrend] 2026-01-08 21:45:59 - INFO -     SuperTrend (midpoint): 1.16580
[5m-supertrend] 2026-01-08 21:45:59 - INFO -     Spread: 0.00017 (1.7 pips)
[5m-supertrend] 2026-01-08 21:45:59 - INFO -     Adjustment: +0.00009 (+0.9 pips)
[5m-supertrend] 2026-01-08 21:45:59 - INFO -     → Position closes when midpoint touches 1.16580
[5m-supertrend] 2026-01-08 21:46:59 - INFO - --------------------------------------------------------------------------------
[5m-supertrend] 2026-01-08 21:46:59 - INFO - Time: 2026-01-08 21:46:59
[5m-supertrend] 2026-01-08 21:46:59 - INFO - Balance: $499773.16 | P/L: $-15.18
[5m-supertrend] 2026-01-08 21:46:59 - INFO - Position: SHORT 138031.0 units
[5m-supertrend] 2026-01-08 21:46:59 - INFO - Signal: HOLD_SHORT | Price: 1.16512
⏰ Skipping stale HOLD_SHORT signal: 419.5s old (max: 180s)
[5m-supertrend] 2026-01-08 21:46:59 - INFO -   Stop Loss Adjustment (SHORT): 1.16580 → 1.16588
[5m-supertrend] 2026-01-08 21:46:59 - INFO -     SuperTrend (midpoint): 1.16580
[5m-supertrend] 2026-01-08 21:46:59 - INFO -     Spread: 0.00016 (1.6 pips)
[5m-supertrend] 2026-01-08 21:46:59 - INFO -     Adjustment: +0.00008 (+0.8 pips)
[5m-supertrend] 2026-01-08 21:46:59 - INFO -     → Position closes when midpoint touches 1.16580
[5m-supertrend] 2026-01-08 21:48:00 - INFO - --------------------------------------------------------------------------------
[5m-supertrend] 2026-01-08 21:48:00 - INFO - Time: 2026-01-08 21:48:00
[5m-supertrend] 2026-01-08 21:48:00 - INFO - Balance: $499773.16 | P/L: $-24.85
[5m-supertrend] 2026-01-08 21:48:00 - INFO - Position: SHORT 138031.0 units
[5m-supertrend] 2026-01-08 21:48:00 - INFO - Signal: HOLD_SHORT | Price: 1.16512
⏰ Skipping stale HOLD_SHORT signal: 480.3s old (max: 180s)
[5m-supertrend] 2026-01-08 21:48:00 - INFO -   Stop Loss Adjustment (SHORT): 1.16580 → 1.16588
[5m-supertrend] 2026-01-08 21:48:00 - INFO -     SuperTrend (midpoint): 1.16580
[5m-supertrend] 2026-01-08 21:48:00 - INFO -     Spread: 0.00016 (1.6 pips)
[5m-supertrend] 2026-01-08 21:48:00 - INFO -     Adjustment: +0.00008 (+0.8 pips)
[5m-supertrend] 2026-01-08 21:48:00 - INFO -     → Position closes when midpoint touches 1.16580
[5m-supertrend] 2026-01-08 21:49:01 - INFO - --------------------------------------------------------------------------------
[5m-supertrend] 2026-01-08 21:49:01 - INFO - Time: 2026-01-08 21:49:01
[5m-supertrend] 2026-01-08 21:49:01 - INFO - Balance: $499773.16 | P/L: $-28.99
[5m-supertrend] 2026-01-08 21:49:01 - INFO - Position: SHORT 138031.0 units
[5m-supertrend] 2026-01-08 21:49:01 - INFO - Signal: HOLD_SHORT | Price: 1.16512
⏰ Skipping stale HOLD_SHORT signal: 541.0s old (max: 180s)
[5m-supertrend] 2026-01-08 21:49:01 - INFO -   Stop Loss Adjustment (SHORT): 1.16580 → 1.16588
[5m-supertrend] 2026-01-08 21:49:01 - INFO -     SuperTrend (midpoint): 1.16580
[5m-supertrend] 2026-01-08 21:49:01 - INFO -     Spread: 0.00016 (1.6 pips)
[5m-supertrend] 2026-01-08 21:49:01 - INFO -     Adjustment: +0.00008 (+0.8 pips)
[5m-supertrend] 2026-01-08 21:49:01 - INFO -     → Position closes when midpoint touches 1.16580
[5m-supertrend] 2026-01-08 21:50:01 - INFO - --------------------------------------------------------------------------------
[5m-supertrend] 2026-01-08 21:50:01 - INFO - Time: 2026-01-08 21:50:01
[5m-supertrend] 2026-01-08 21:50:01 - INFO - Balance: $499773.16 | P/L: $-27.61
[5m-supertrend] 2026-01-08 21:50:01 - INFO - Position: SHORT 138031.0 units
[5m-supertrend] 2026-01-08 21:50:01 - INFO - Signal: HOLD_SHORT | Price: 1.16512
⏰ Skipping stale HOLD_SHORT signal: 601.7s old (max: 180s)
[5m-supertrend] 2026-01-08 21:50:01 - INFO -   Stop Loss Adjustment (SHORT): 1.16580 → 1.16589
[5m-supertrend] 2026-01-08 21:50:01 - INFO -     SuperTrend (midpoint): 1.16580
[5m-supertrend] 2026-01-08 21:50:01 - INFO -     Spread: 0.00017 (1.7 pips)
[5m-supertrend] 2026-01-08 21:50:01 - INFO -     Adjustment: +0.00009 (+0.9 pips)
[5m-supertrend] 2026-01-08 21:50:01 - INFO -     → Position closes when midpoint touches 1.16580
[5m-supertrend] 2026-01-08 21:51:02 - INFO - --------------------------------------------------------------------------------
[5m-supertrend] 2026-01-08 21:51:02 - INFO - Time: 2026-01-08 21:51:02
[5m-supertrend] 2026-01-08 21:51:02 - INFO - Balance: $499773.16 | P/L: $-26.23
[5m-supertrend] 2026-01-08 21:51:02 - INFO - Position: SHORT 138031.0 units
[5m-supertrend] 2026-01-08 21:51:02 - INFO - Signal: HOLD_SHORT | Price: 1.16518
⏰ Skipping stale HOLD_SHORT signal: 362.7s old (max: 180s)
[5m-supertrend] 2026-01-08 21:51:02 - INFO -   Stop Loss Adjustment (SHORT): 1.16577 → 1.16586
[5m-supertrend] 2026-01-08 21:51:02 - INFO -     SuperTrend (midpoint): 1.16577
[5m-supertrend] 2026-01-08 21:51:02 - INFO -     Spread: 0.00017 (1.7 pips)
[5m-supertrend] 2026-01-08 21:51:02 - INFO -     Adjustment: +0.00009 (+0.9 pips)
[5m-supertrend] 2026-01-08 21:51:02 - INFO -     → Position closes when midpoint touches 1.16577
[5m-supertrend] 2026-01-08 21:52:03 - INFO - --------------------------------------------------------------------------------
[5m-supertrend] 2026-01-08 21:52:03 - INFO - Time: 2026-01-08 21:52:03
[5m-supertrend] 2026-01-08 21:52:03 - INFO - Balance: $499773.16 | P/L: $-22.09
[5m-supertrend] 2026-01-08 21:52:03 - INFO - Position: SHORT 138031.0 units
[5m-supertrend] 2026-01-08 21:52:03 - INFO - Signal: HOLD_SHORT | Price: 1.16518
⏰ Skipping stale HOLD_SHORT signal: 423.3s old (max: 180s)
[5m-supertrend] 2026-01-08 21:52:03 - INFO -   Stop Loss Adjustment (SHORT): 1.16577 → 1.16585
[5m-supertrend] 2026-01-08 21:52:03 - INFO -     SuperTrend (midpoint): 1.16577
[5m-supertrend] 2026-01-08 21:52:03 - INFO -     Spread: 0.00016 (1.6 pips)
[5m-supertrend] 2026-01-08 21:52:03 - INFO -     Adjustment: +0.00008 (+0.8 pips)
[5m-supertrend] 2026-01-08 21:52:03 - INFO -     → Position closes when midpoint touches 1.16577
[5m-supertrend] 2026-01-08 21:53:04 - INFO - --------------------------------------------------------------------------------
[5m-supertrend] 2026-01-08 21:53:04 - INFO - Time: 2026-01-08 21:53:04
[5m-supertrend] 2026-01-08 21:53:04 - INFO - Balance: $499773.16 | P/L: $-20.70
[5m-supertrend] 2026-01-08 21:53:04 - INFO - Position: SHORT 138031.0 units
[5m-supertrend] 2026-01-08 21:53:04 - INFO - Signal: HOLD_SHORT | Price: 1.16518
⏰ Skipping stale HOLD_SHORT signal: 484.0s old (max: 180s)
[5m-supertrend] 2026-01-08 21:53:04 - INFO -   Stop Loss Adjustment (SHORT): 1.16577 → 1.16585
[5m-supertrend] 2026-01-08 21:53:04 - INFO -     SuperTrend (midpoint): 1.16577
[5m-supertrend] 2026-01-08 21:53:04 - INFO -     Spread: 0.00016 (1.6 pips)
[5m-supertrend] 2026-01-08 21:53:04 - INFO -     Adjustment: +0.00008 (+0.8 pips)
[5m-supertrend] 2026-01-08 21:53:04 - INFO -     → Position closes when midpoint touches 1.16577
[5m-supertrend] 2026-01-08 21:54:04 - INFO - --------------------------------------------------------------------------------
[5m-supertrend] 2026-01-08 21:54:04 - INFO - Time: 2026-01-08 21:54:04
[5m-supertrend] 2026-01-08 21:54:04 - INFO - Balance: $499773.16 | P/L: $-12.42
[5m-supertrend] 2026-01-08 21:54:04 - INFO - Position: SHORT 138031.0 units
[5m-supertrend] 2026-01-08 21:54:04 - INFO - Signal: HOLD_SHORT | Price: 1.16518
⏰ Skipping stale HOLD_SHORT signal: 544.6s old (max: 180s)
[5m-supertrend] 2026-01-08 21:54:04 - INFO -   Stop Loss Adjustment (SHORT): 1.16577 → 1.16585
[5m-supertrend] 2026-01-08 21:54:04 - INFO -     SuperTrend (midpoint): 1.16577
[5m-supertrend] 2026-01-08 21:54:04 - INFO -     Spread: 0.00015 (1.5 pips)
[5m-supertrend] 2026-01-08 21:54:04 - INFO -     Adjustment: +0.00007 (+0.7 pips)
[5m-supertrend] 2026-01-08 21:54:04 - INFO -     → Position closes when midpoint touches 1.16577
[5m-supertrend] 2026-01-08 21:55:05 - INFO - --------------------------------------------------------------------------------
[5m-supertrend] 2026-01-08 21:55:05 - INFO - Time: 2026-01-08 21:55:05
[5m-supertrend] 2026-01-08 21:55:05 - INFO - Balance: $499773.16 | P/L: $-5.52
[5m-supertrend] 2026-01-08 21:55:05 - INFO - Position: SHORT 138031.0 units
[5m-supertrend] 2026-01-08 21:55:05 - INFO - Signal: HOLD_SHORT | Price: 1.16503
⏰ Skipping stale HOLD_SHORT signal: 305.3s old (max: 180s)
[5m-supertrend] 2026-01-08 21:55:05 - INFO -   Stop Loss Adjustment (SHORT): 1.16577 → 1.16586
[5m-supertrend] 2026-01-08 21:55:05 - INFO -     SuperTrend (midpoint): 1.16577
[5m-supertrend] 2026-01-08 21:55:05 - INFO -     Spread: 0.00017 (1.7 pips)
[5m-supertrend] 2026-01-08 21:55:05 - INFO -     Adjustment: +0.00009 (+0.9 pips)
[5m-supertrend] 2026-01-08 21:55:05 - INFO -     → Position closes when midpoint touches 1.16577
[5m-supertrend] 2026-01-08 21:56:06 - INFO - --------------------------------------------------------------------------------
[5m-supertrend] 2026-01-08 21:56:06 - INFO - Time: 2026-01-08 21:56:06
[5m-supertrend] 2026-01-08 21:56:06 - INFO - Balance: $499773.16 | P/L: $-6.90
[5m-supertrend] 2026-01-08 21:56:06 - INFO - Position: SHORT 138031.0 units
[5m-supertrend] 2026-01-08 21:56:06 - INFO - Signal: HOLD_SHORT | Price: 1.16503
⏰ Skipping stale HOLD_SHORT signal: 366.0s old (max: 180s)
[5m-supertrend] 2026-01-08 21:56:06 - INFO -   Stop Loss Adjustment (SHORT): 1.16577 → 1.16586
[5m-supertrend] 2026-01-08 21:56:06 - INFO -     SuperTrend (midpoint): 1.16577
[5m-supertrend] 2026-01-08 21:56:06 - INFO -     Spread: 0.00017 (1.7 pips)
[5m-supertrend] 2026-01-08 21:56:06 - INFO -     Adjustment: +0.00009 (+0.9 pips)
[5m-supertrend] 2026-01-08 21:56:06 - INFO -     → Position closes when midpoint touches 1.16577
[5m-supertrend] 2026-01-08 21:57:06 - INFO - --------------------------------------------------------------------------------
[5m-supertrend] 2026-01-08 21:57:06 - INFO - Time: 2026-01-08 21:57:06
[5m-supertrend] 2026-01-08 21:57:06 - INFO - Balance: $499773.16 | P/L: $-12.42
[5m-supertrend] 2026-01-08 21:57:06 - INFO - Position: SHORT 138031.0 units
[5m-supertrend] 2026-01-08 21:57:06 - INFO - Signal: HOLD_SHORT | Price: 1.16503
⏰ Skipping stale HOLD_SHORT signal: 426.6s old (max: 180s)
[5m-supertrend] 2026-01-08 21:57:07 - INFO -   Stop Loss Adjustment (SHORT): 1.16577 → 1.16585
[5m-supertrend] 2026-01-08 21:57:07 - INFO -     SuperTrend (midpoint): 1.16577
[5m-supertrend] 2026-01-08 21:57:07 - INFO -     Spread: 0.00016 (1.6 pips)
[5m-supertrend] 2026-01-08 21:57:07 - INFO -     Adjustment: +0.00008 (+0.8 pips)
[5m-supertrend] 2026-01-08 21:57:07 - INFO -     → Position closes when midpoint touches 1.16577
[5m-supertrend] 2026-01-08 21:58:08 - INFO - --------------------------------------------------------------------------------
[5m-supertrend] 2026-01-08 21:58:08 - INFO - Time: 2026-01-08 21:58:08
[5m-supertrend] 2026-01-08 21:58:08 - INFO - Balance: $499773.16 | P/L: $-13.80
[5m-supertrend] 2026-01-08 21:58:08 - INFO - Position: SHORT 138031.0 units
[5m-supertrend] 2026-01-08 21:58:08 - INFO - Signal: HOLD_SHORT | Price: 1.16503
⏰ Skipping stale HOLD_SHORT signal: 487.9s old (max: 180s)
[5m-supertrend] 2026-01-08 21:58:08 - INFO -   Stop Loss Adjustment (SHORT): 1.16577 → 1.16585
[5m-supertrend] 2026-01-08 21:58:08 - INFO -     SuperTrend (midpoint): 1.16577
[5m-supertrend] 2026-01-08 21:58:08 - INFO -     Spread: 0.00016 (1.6 pips)
[5m-supertrend] 2026-01-08 21:58:08 - INFO -     Adjustment: +0.00008 (+0.8 pips)
[5m-supertrend] 2026-01-08 21:58:08 - INFO -     → Position closes when midpoint touches 1.16577
[5m-supertrend] 2026-01-08 21:59:08 - INFO - --------------------------------------------------------------------------------
[5m-supertrend] 2026-01-08 21:59:08 - INFO - Time: 2026-01-08 21:59:08
[5m-supertrend] 2026-01-08 21:59:08 - INFO - Balance: $499773.16 | P/L: $-13.80
[5m-supertrend] 2026-01-08 21:59:08 - INFO - Position: SHORT 138031.0 units
[5m-supertrend] 2026-01-08 21:59:08 - INFO - Signal: HOLD_SHORT | Price: 1.16503
⏰ Skipping stale HOLD_SHORT signal: 548.6s old (max: 180s)
[5m-supertrend] 2026-01-08 21:59:08 - INFO -   Stop Loss Adjustment (SHORT): 1.16577 → 1.16585
[5m-supertrend] 2026-01-08 21:59:08 - INFO -     SuperTrend (midpoint): 1.16577
[5m-supertrend] 2026-01-08 21:59:08 - INFO -     Spread: 0.00015 (1.5 pips)
[5m-supertrend] 2026-01-08 21:59:08 - INFO -     Adjustment: +0.00007 (+0.7 pips)
[5m-supertrend] 2026-01-08 21:59:08 - INFO -     → Position closes when midpoint touches 1.16577
[5m-supertrend] 2026-01-08 22:00:09 - INFO - --------------------------------------------------------------------------------
[5m-supertrend] 2026-01-08 22:00:09 - INFO - Time: 2026-01-08 22:00:09
[5m-supertrend] 2026-01-08 22:00:09 - INFO - Balance: $499773.16 | P/L: $-17.94
[5m-supertrend] 2026-01-08 22:00:09 - INFO - Position: SHORT 138031.0 units
[5m-supertrend] 2026-01-08 22:00:09 - INFO - Signal: HOLD_SHORT | Price: 1.16511
⏰ Skipping stale HOLD_SHORT signal: 309.6s old (max: 180s)
[5m-supertrend] 2026-01-08 22:00:09 - INFO -   Stop Loss Adjustment (SHORT): 1.16574 → 1.16583
[5m-supertrend] 2026-01-08 22:00:09 - INFO -     SuperTrend (midpoint): 1.16574
[5m-supertrend] 2026-01-08 22:00:09 - INFO -     Spread: 0.00017 (1.7 pips)
[5m-supertrend] 2026-01-08 22:00:09 - INFO -     Adjustment: +0.00009 (+0.9 pips)
[5m-supertrend] 2026-01-08 22:00:09 - INFO -     → Position closes when midpoint touches 1.16574
[5m-supertrend] 2026-01-08 22:01:10 - INFO - --------------------------------------------------------------------------------
[5m-supertrend] 2026-01-08 22:01:10 - INFO - Time: 2026-01-08 22:01:10
[5m-supertrend] 2026-01-08 22:01:10 - INFO - Balance: $499773.16 | P/L: $-1.38
[5m-supertrend] 2026-01-08 22:01:10 - INFO - Position: SHORT 138031.0 units
[5m-supertrend] 2026-01-08 22:01:10 - INFO - Signal: HOLD_SHORT | Price: 1.16511
⏰ Skipping stale HOLD_SHORT signal: 370.3s old (max: 180s)
[5m-supertrend] 2026-01-08 22:01:10 - INFO -   Stop Loss Adjustment (SHORT): 1.16574 → 1.16582
[5m-supertrend] 2026-01-08 22:01:10 - INFO -     SuperTrend (midpoint): 1.16574
[5m-supertrend] 2026-01-08 22:01:10 - INFO -     Spread: 0.00015 (1.5 pips)
[5m-supertrend] 2026-01-08 22:01:10 - INFO -     Adjustment: +0.00008 (+0.8 pips)
[5m-supertrend] 2026-01-08 22:01:10 - INFO -     → Position closes when midpoint touches 1.16574
[5m-supertrend] 2026-01-08 22:02:11 - INFO - --------------------------------------------------------------------------------
[5m-supertrend] 2026-01-08 22:02:11 - INFO - Time: 2026-01-08 22:02:11
[5m-supertrend] 2026-01-08 22:02:11 - INFO - Balance: $499773.16 | P/L: $-20.70
[5m-supertrend] 2026-01-08 22:02:11 - INFO - Position: SHORT 138031.0 units
[5m-supertrend] 2026-01-08 22:02:11 - INFO - Signal: HOLD_SHORT | Price: 1.16511
⏰ Skipping stale HOLD_SHORT signal: 431.1s old (max: 180s)
[5m-supertrend] 2026-01-08 22:02:11 - INFO -   Stop Loss Adjustment (SHORT): 1.16574 → 1.16582
[5m-supertrend] 2026-01-08 22:02:11 - INFO -     SuperTrend (midpoint): 1.16574
[5m-supertrend] 2026-01-08 22:02:11 - INFO -     Spread: 0.00016 (1.6 pips)
[5m-supertrend] 2026-01-08 22:02:11 - INFO -     Adjustment: +0.00008 (+0.8 pips)
[5m-supertrend] 2026-01-08 22:02:11 - INFO -     → Position closes when midpoint touches 1.16574
[5m-supertrend] 2026-01-08 22:03:11 - INFO - --------------------------------------------------------------------------------
[5m-supertrend] 2026-01-08 22:03:11 - INFO - Time: 2026-01-08 22:03:11
[5m-supertrend] 2026-01-08 22:03:11 - INFO - Balance: $499773.16 | P/L: $-20.70
[5m-supertrend] 2026-01-08 22:03:11 - INFO - Position: SHORT 138031.0 units
[5m-supertrend] 2026-01-08 22:03:11 - INFO - Signal: HOLD_SHORT | Price: 1.16511
⏰ Skipping stale HOLD_SHORT signal: 491.8s old (max: 180s)
[5m-supertrend] 2026-01-08 22:03:12 - INFO -   Stop Loss Adjustment (SHORT): 1.16574 → 1.16583
[5m-supertrend] 2026-01-08 22:03:12 - INFO -     SuperTrend (midpoint): 1.16574
[5m-supertrend] 2026-01-08 22:03:12 - INFO -     Spread: 0.00017 (1.7 pips)
[5m-supertrend] 2026-01-08 22:03:12 - INFO -     Adjustment: +0.00009 (+0.9 pips)
[5m-supertrend] 2026-01-08 22:03:12 - INFO -     → Position closes when midpoint touches 1.16574
[5m-supertrend] 2026-01-08 22:04:12 - INFO - --------------------------------------------------------------------------------
[5m-supertrend] 2026-01-08 22:04:12 - INFO - Time: 2026-01-08 22:04:12
[5m-supertrend] 2026-01-08 22:04:12 - INFO - Balance: $499773.16 | P/L: $-28.99
[5m-supertrend] 2026-01-08 22:04:12 - INFO - Position: SHORT 138031.0 units
[5m-supertrend] 2026-01-08 22:04:12 - INFO - Signal: HOLD_SHORT | Price: 1.16511
⏰ Skipping stale HOLD_SHORT signal: 552.4s old (max: 180s)
[5m-supertrend] 2026-01-08 22:04:12 - INFO -   Stop Loss Adjustment (SHORT): 1.16574 → 1.16581
[5m-supertrend] 2026-01-08 22:04:12 - INFO -     SuperTrend (midpoint): 1.16574
[5m-supertrend] 2026-01-08 22:04:12 - INFO -     Spread: 0.00014 (1.4 pips)
[5m-supertrend] 2026-01-08 22:04:12 - INFO -     Adjustment: +0.00007 (+0.7 pips)
[5m-supertrend] 2026-01-08 22:04:12 - INFO -     → Position closes when midpoint touches 1.16574
[5m-supertrend] 2026-01-08 22:05:13 - INFO - --------------------------------------------------------------------------------
[5m-supertrend] 2026-01-08 22:05:13 - INFO - Time: 2026-01-08 22:05:13
[5m-supertrend] 2026-01-08 22:05:13 - INFO - Balance: $499773.16 | P/L: $-30.37
[5m-supertrend] 2026-01-08 22:05:13 - INFO - Position: SHORT 138031.0 units
[5m-supertrend] 2026-01-08 22:05:13 - INFO - Signal: HOLD_SHORT | Price: 1.16522
⏰ Skipping stale HOLD_SHORT signal: 313.2s old (max: 180s)
[5m-supertrend] 2026-01-08 22:05:13 - INFO -   Stop Loss Adjustment (SHORT): 1.16574 → 1.16581
[5m-supertrend] 2026-01-08 22:05:13 - INFO -     SuperTrend (midpoint): 1.16574
[5m-supertrend] 2026-01-08 22:05:13 - INFO -     Spread: 0.00014 (1.4 pips)
[5m-supertrend] 2026-01-08 22:05:13 - INFO -     Adjustment: +0.00007 (+0.7 pips)
[5m-supertrend] 2026-01-08 22:05:13 - INFO -     → Position closes when midpoint touches 1.16574
[5m-supertrend] 2026-01-08 22:06:14 - INFO - --------------------------------------------------------------------------------
[5m-supertrend] 2026-01-08 22:06:14 - INFO - Time: 2026-01-08 22:06:14
[5m-supertrend] 2026-01-08 22:06:14 - INFO - Balance: $499773.16 | P/L: $-28.99
[5m-supertrend] 2026-01-08 22:06:14 - INFO - Position: SHORT 138031.0 units
[5m-supertrend] 2026-01-08 22:06:14 - INFO - Signal: HOLD_SHORT | Price: 1.16522
⏰ Skipping stale HOLD_SHORT signal: 373.9s old (max: 180s)
[5m-supertrend] 2026-01-08 22:06:14 - INFO -   Stop Loss Adjustment (SHORT): 1.16574 → 1.16583
[5m-supertrend] 2026-01-08 22:06:14 - INFO -     SuperTrend (midpoint): 1.16574
[5m-supertrend] 2026-01-08 22:06:14 - INFO -     Spread: 0.00018 (1.8 pips)
[5m-supertrend] 2026-01-08 22:06:14 - INFO -     Adjustment: +0.00009 (+0.9 pips)
[5m-supertrend] 2026-01-08 22:06:14 - INFO -     → Position closes when midpoint touches 1.16574
[5m-supertrend] 2026-01-08 22:07:14 - INFO - --------------------------------------------------------------------------------
[5m-supertrend] 2026-01-08 22:07:14 - INFO - Time: 2026-01-08 22:07:14
[5m-supertrend] 2026-01-08 22:07:14 - INFO - Balance: $499773.16 | P/L: $-31.75
[5m-supertrend] 2026-01-08 22:07:14 - INFO - Position: SHORT 138031.0 units
[5m-supertrend] 2026-01-08 22:07:14 - INFO - Signal: HOLD_SHORT | Price: 1.16522
⏰ Skipping stale HOLD_SHORT signal: 434.6s old (max: 180s)
[5m-supertrend] 2026-01-08 22:07:14 - INFO -   Stop Loss Adjustment (SHORT): 1.16574 → 1.16582
[5m-supertrend] 2026-01-08 22:07:14 - INFO -     SuperTrend (midpoint): 1.16574
[5m-supertrend] 2026-01-08 22:07:14 - INFO -     Spread: 0.00015 (1.5 pips)
[5m-supertrend] 2026-01-08 22:07:14 - INFO -     Adjustment: +0.00007 (+0.7 pips)
[5m-supertrend] 2026-01-08 22:07:14 - INFO -     → Position closes when midpoint touches 1.16574
[5m-supertrend] 2026-01-08 22:08:15 - INFO - --------------------------------------------------------------------------------
[5m-supertrend] 2026-01-08 22:08:15 - INFO - Time: 2026-01-08 22:08:15
[5m-supertrend] 2026-01-08 22:08:15 - INFO - Balance: $499773.16 | P/L: $-8.28
[5m-supertrend] 2026-01-08 22:08:15 - INFO - Position: SHORT 138031.0 units
[5m-supertrend] 2026-01-08 22:08:15 - INFO - Signal: HOLD_SHORT | Price: 1.16522
⏰ Skipping stale HOLD_SHORT signal: 495.3s old (max: 180s)
[5m-supertrend] 2026-01-08 22:08:15 - INFO -   Stop Loss Adjustment (SHORT): 1.16574 → 1.16583
[5m-supertrend] 2026-01-08 22:08:15 - INFO -     SuperTrend (midpoint): 1.16574
[5m-supertrend] 2026-01-08 22:08:15 - INFO -     Spread: 0.00017 (1.7 pips)
[5m-supertrend] 2026-01-08 22:08:15 - INFO -     Adjustment: +0.00009 (+0.9 pips)
[5m-supertrend] 2026-01-08 22:08:15 - INFO -     → Position closes when midpoint touches 1.16574
[5m-supertrend] 2026-01-08 22:09:16 - INFO - --------------------------------------------------------------------------------
[5m-supertrend] 2026-01-08 22:09:16 - INFO - Time: 2026-01-08 22:09:16
[5m-supertrend] 2026-01-08 22:09:16 - INFO - Balance: $499773.16 | P/L: $-8.28
[5m-supertrend] 2026-01-08 22:09:16 - INFO - Position: SHORT 138031.0 units
[5m-supertrend] 2026-01-08 22:09:16 - INFO - Signal: HOLD_SHORT | Price: 1.16522
⏰ Skipping stale HOLD_SHORT signal: 556.1s old (max: 180s)
[5m-supertrend] 2026-01-08 22:09:16 - INFO -   Stop Loss Adjustment (SHORT): 1.16574 → 1.16583
[5m-supertrend] 2026-01-08 22:09:16 - INFO -     SuperTrend (midpoint): 1.16574
[5m-supertrend] 2026-01-08 22:09:16 - INFO -     Spread: 0.00017 (1.7 pips)
[5m-supertrend] 2026-01-08 22:09:16 - INFO -     Adjustment: +0.00009 (+0.9 pips)
[5m-supertrend] 2026-01-08 22:09:16 - INFO -     → Position closes when midpoint touches 1.16574
[5m-supertrend] 2026-01-08 22:10:16 - INFO - --------------------------------------------------------------------------------
[5m-supertrend] 2026-01-08 22:10:16 - INFO - Time: 2026-01-08 22:10:16
[5m-supertrend] 2026-01-08 22:10:16 - INFO - Balance: $499773.16 | P/L: $1.38
[5m-supertrend] 2026-01-08 22:10:16 - INFO - Position: SHORT 138031.0 units
[5m-supertrend] 2026-01-08 22:10:16 - INFO - Signal: HOLD_SHORT | Price: 1.16498
⏰ Skipping stale HOLD_SHORT signal: 316.8s old (max: 180s)
[5m-supertrend] 2026-01-08 22:10:17 - INFO -   Stop Loss Adjustment (SHORT): 1.16574 → 1.16582
[5m-supertrend] 2026-01-08 22:10:17 - INFO -     SuperTrend (midpoint): 1.16574
[5m-supertrend] 2026-01-08 22:10:17 - INFO -     Spread: 0.00015 (1.5 pips)
[5m-supertrend] 2026-01-08 22:10:17 - INFO -     Adjustment: +0.00007 (+0.7 pips)
[5m-supertrend] 2026-01-08 22:10:17 - INFO -     → Position closes when midpoint touches 1.16574
[5m-supertrend] 2026-01-08 22:11:17 - INFO - --------------------------------------------------------------------------------
[5m-supertrend] 2026-01-08 22:11:17 - INFO - Time: 2026-01-08 22:11:17
[5m-supertrend] 2026-01-08 22:11:17 - INFO - Balance: $499773.16 | P/L: $4.14
[5m-supertrend] 2026-01-08 22:11:17 - INFO - Position: SHORT 138031.0 units
[5m-supertrend] 2026-01-08 22:11:17 - INFO - Signal: HOLD_SHORT | Price: 1.16498
⏰ Skipping stale HOLD_SHORT signal: 377.5s old (max: 180s)
[5m-supertrend] 2026-01-08 22:11:17 - INFO -   Stop Loss Adjustment (SHORT): 1.16574 → 1.16583
[5m-supertrend] 2026-01-08 22:11:17 - INFO -     SuperTrend (midpoint): 1.16574
[5m-supertrend] 2026-01-08 22:11:17 - INFO -     Spread: 0.00017 (1.7 pips)
[5m-supertrend] 2026-01-08 22:11:17 - INFO -     Adjustment: +0.00009 (+0.9 pips)
[5m-supertrend] 2026-01-08 22:11:17 - INFO -     → Position closes when midpoint touches 1.16574
[5m-supertrend] 2026-01-08 22:12:18 - INFO - --------------------------------------------------------------------------------
[5m-supertrend] 2026-01-08 22:12:18 - INFO - Time: 2026-01-08 22:12:18
[5m-supertrend] 2026-01-08 22:12:18 - INFO - Balance: $499773.16 | P/L: $13.80
[5m-supertrend] 2026-01-08 22:12:18 - INFO - Position: SHORT 138031.0 units
[5m-supertrend] 2026-01-08 22:12:18 - INFO - Signal: HOLD_SHORT | Price: 1.16498
⏰ Skipping stale HOLD_SHORT signal: 438.2s old (max: 180s)
[5m-supertrend] 2026-01-08 22:12:18 - INFO -   Stop Loss Adjustment (SHORT): 1.16574 → 1.16582
[5m-supertrend] 2026-01-08 22:12:18 - INFO -     SuperTrend (midpoint): 1.16574
[5m-supertrend] 2026-01-08 22:12:18 - INFO -     Spread: 0.00016 (1.6 pips)
[5m-supertrend] 2026-01-08 22:12:18 - INFO -     Adjustment: +0.00008 (+0.8 pips)
[5m-supertrend] 2026-01-08 22:12:18 - INFO -     → Position closes when midpoint touches 1.16574
[5m-supertrend] 2026-01-08 22:13:19 - INFO - --------------------------------------------------------------------------------
[5m-supertrend] 2026-01-08 22:13:19 - INFO - Time: 2026-01-08 22:13:19
[5m-supertrend] 2026-01-08 22:13:19 - INFO - Balance: $499773.16 | P/L: $11.04
[5m-supertrend] 2026-01-08 22:13:19 - INFO - Position: SHORT 138031.0 units
[5m-supertrend] 2026-01-08 22:13:19 - INFO - Signal: HOLD_SHORT | Price: 1.16498
⏰ Skipping stale HOLD_SHORT signal: 498.9s old (max: 180s)
[5m-supertrend] 2026-01-08 22:13:19 - INFO -   Stop Loss Adjustment (SHORT): 1.16574 → 1.16583
[5m-supertrend] 2026-01-08 22:13:19 - INFO -     SuperTrend (midpoint): 1.16574
[5m-supertrend] 2026-01-08 22:13:19 - INFO -     Spread: 0.00017 (1.7 pips)
[5m-supertrend] 2026-01-08 22:13:19 - INFO -     Adjustment: +0.00009 (+0.9 pips)
[5m-supertrend] 2026-01-08 22:13:19 - INFO -     → Position closes when midpoint touches 1.16574
[5m-supertrend] 2026-01-08 22:14:20 - INFO - --------------------------------------------------------------------------------
[5m-supertrend] 2026-01-08 22:14:20 - INFO - Time: 2026-01-08 22:14:20
[5m-supertrend] 2026-01-08 22:14:20 - INFO - Balance: $499773.16 | P/L: $6.90
[5m-supertrend] 2026-01-08 22:14:20 - INFO - Position: SHORT 138031.0 units
[5m-supertrend] 2026-01-08 22:14:20 - INFO - Signal: HOLD_SHORT | Price: 1.16498
⏰ Skipping stale HOLD_SHORT signal: 560.2s old (max: 180s)
[5m-supertrend] 2026-01-08 22:14:20 - INFO -   Stop Loss Adjustment (SHORT): 1.16574 → 1.16582
[5m-supertrend] 2026-01-08 22:14:20 - INFO -     SuperTrend (midpoint): 1.16574
[5m-supertrend] 2026-01-08 22:14:20 - INFO -     Spread: 0.00015 (1.5 pips)
[5m-supertrend] 2026-01-08 22:14:20 - INFO -     Adjustment: +0.00008 (+0.8 pips)
[5m-supertrend] 2026-01-08 22:14:20 - INFO -     → Position closes when midpoint touches 1.16574
[5m-supertrend] 2026-01-08 22:15:21 - INFO - --------------------------------------------------------------------------------
[5m-supertrend] 2026-01-08 22:15:21 - INFO - Time: 2026-01-08 22:15:21
[5m-supertrend] 2026-01-08 22:15:21 - INFO - Balance: $499773.16 | P/L: $4.14
[5m-supertrend] 2026-01-08 22:15:21 - INFO - Position: SHORT 138031.0 units
[5m-supertrend] 2026-01-08 22:15:21 - INFO - Signal: HOLD_SHORT | Price: 1.16493
⏰ Skipping stale HOLD_SHORT signal: 320.9s old (max: 180s)
[5m-supertrend] 2026-01-08 22:15:21 - INFO -   Stop Loss Adjustment (SHORT): 1.16574 → 1.16582
[5m-supertrend] 2026-01-08 22:15:21 - INFO -     SuperTrend (midpoint): 1.16574
[5m-supertrend] 2026-01-08 22:15:21 - INFO -     Spread: 0.00015 (1.5 pips)
[5m-supertrend] 2026-01-08 22:15:21 - INFO -     Adjustment: +0.00008 (+0.8 pips)
[5m-supertrend] 2026-01-08 22:15:21 - INFO -     → Position closes when midpoint touches 1.16574
[5m-supertrend] 2026-01-08 22:16:21 - INFO - --------------------------------------------------------------------------------
[5m-supertrend] 2026-01-08 22:16:21 - INFO - Time: 2026-01-08 22:16:21
[5m-supertrend] 2026-01-08 22:16:21 - INFO - Balance: $499773.16 | P/L: $2.76
[5m-supertrend] 2026-01-08 22:16:21 - INFO - Position: SHORT 138031.0 units
[5m-supertrend] 2026-01-08 22:16:21 - INFO - Signal: HOLD_SHORT | Price: 1.16493
⏰ Skipping stale HOLD_SHORT signal: 381.5s old (max: 180s)
[5m-supertrend] 2026-01-08 22:16:21 - INFO -   Stop Loss Adjustment (SHORT): 1.16574 → 1.16582
[5m-supertrend] 2026-01-08 22:16:21 - INFO -     SuperTrend (midpoint): 1.16574
[5m-supertrend] 2026-01-08 22:16:21 - INFO -     Spread: 0.00016 (1.6 pips)
[5m-supertrend] 2026-01-08 22:16:21 - INFO -     Adjustment: +0.00008 (+0.8 pips)
[5m-supertrend] 2026-01-08 22:16:21 - INFO -     → Position closes when midpoint touches 1.16574
[5m-supertrend] 2026-01-08 22:17:22 - INFO - --------------------------------------------------------------------------------
[5m-supertrend] 2026-01-08 22:17:22 - INFO - Time: 2026-01-08 22:17:22
[5m-supertrend] 2026-01-08 22:17:22 - INFO - Balance: $499773.16 | P/L: $-11.04
[5m-supertrend] 2026-01-08 22:17:22 - INFO - Position: SHORT 138031.0 units
[5m-supertrend] 2026-01-08 22:17:22 - INFO - Signal: HOLD_SHORT | Price: 1.16493
⏰ Skipping stale HOLD_SHORT signal: 442.2s old (max: 180s)
[5m-supertrend] 2026-01-08 22:17:22 - INFO -   Stop Loss Adjustment (SHORT): 1.16574 → 1.16583
[5m-supertrend] 2026-01-08 22:17:22 - INFO -     SuperTrend (midpoint): 1.16574
[5m-supertrend] 2026-01-08 22:17:22 - INFO -     Spread: 0.00018 (1.8 pips)
[5m-supertrend] 2026-01-08 22:17:22 - INFO -     Adjustment: +0.00009 (+0.9 pips)
[5m-supertrend] 2026-01-08 22:17:22 - INFO -     → Position closes when midpoint touches 1.16574
[5m-supertrend] 2026-01-08 22:18:23 - INFO - --------------------------------------------------------------------------------
[5m-supertrend] 2026-01-08 22:18:23 - INFO - Time: 2026-01-08 22:18:23
[5m-supertrend] 2026-01-08 22:18:23 - INFO - Balance: $499773.16 | P/L: $0.00
[5m-supertrend] 2026-01-08 22:18:23 - INFO - Position: SHORT 138031.0 units
[5m-supertrend] 2026-01-08 22:18:23 - INFO - Signal: HOLD_SHORT | Price: 1.16493
⏰ Skipping stale HOLD_SHORT signal: 502.8s old (max: 180s)
[5m-supertrend] 2026-01-08 22:18:23 - INFO -   Stop Loss Adjustment (SHORT): 1.16574 → 1.16582
[5m-supertrend] 2026-01-08 22:18:23 - INFO -     SuperTrend (midpoint): 1.16574
[5m-supertrend] 2026-01-08 22:18:23 - INFO -     Spread: 0.00016 (1.6 pips)
[5m-supertrend] 2026-01-08 22:18:23 - INFO -     Adjustment: +0.00008 (+0.8 pips)
[5m-supertrend] 2026-01-08 22:18:23 - INFO -     → Position closes when midpoint touches 1.16574
[5m-supertrend] 2026-01-08 22:19:23 - INFO - --------------------------------------------------------------------------------
[5m-supertrend] 2026-01-08 22:19:23 - INFO - Time: 2026-01-08 22:19:23
[5m-supertrend] 2026-01-08 22:19:23 - INFO - Balance: $499773.16 | P/L: $-1.38
[5m-supertrend] 2026-01-08 22:19:23 - INFO - Position: SHORT 138031.0 units
[5m-supertrend] 2026-01-08 22:19:23 - INFO - Signal: HOLD_SHORT | Price: 1.16493
⏰ Skipping stale HOLD_SHORT signal: 563.7s old (max: 180s)
[5m-supertrend] 2026-01-08 22:19:23 - INFO -   Stop Loss Adjustment (SHORT): 1.16574 → 1.16582
[5m-supertrend] 2026-01-08 22:19:23 - INFO -     SuperTrend (midpoint): 1.16574
[5m-supertrend] 2026-01-08 22:19:23 - INFO -     Spread: 0.00015 (1.5 pips)
[5m-supertrend] 2026-01-08 22:19:23 - INFO -     Adjustment: +0.00008 (+0.8 pips)
[5m-supertrend] 2026-01-08 22:19:23 - INFO -     → Position closes when midpoint touches 1.16574
[5m-supertrend] 2026-01-08 22:20:24 - INFO - --------------------------------------------------------------------------------
[5m-supertrend] 2026-01-08 22:20:24 - INFO - Time: 2026-01-08 22:20:24
[5m-supertrend] 2026-01-08 22:20:24 - INFO - Balance: $499773.16 | P/L: $0.00
[5m-supertrend] 2026-01-08 22:20:24 - INFO - Position: SHORT 138031.0 units
[5m-supertrend] 2026-01-08 22:20:24 - INFO - Signal: HOLD_SHORT | Price: 1.16501
⏰ Skipping stale HOLD_SHORT signal: 324.4s old (max: 180s)
[5m-supertrend] 2026-01-08 22:20:24 - INFO -   Stop Loss Adjustment (SHORT): 1.16574 → 1.16582
[5m-supertrend] 2026-01-08 22:20:24 - INFO -     SuperTrend (midpoint): 1.16574
[5m-supertrend] 2026-01-08 22:20:24 - INFO -     Spread: 0.00016 (1.6 pips)
[5m-supertrend] 2026-01-08 22:20:24 - INFO -     Adjustment: +0.00008 (+0.8 pips)
[5m-supertrend] 2026-01-08 22:20:24 - INFO -     → Position closes when midpoint touches 1.16574
[5m-supertrend] 2026-01-08 22:21:25 - INFO - --------------------------------------------------------------------------------
[5m-supertrend] 2026-01-08 22:21:25 - INFO - Time: 2026-01-08 22:21:25
[5m-supertrend] 2026-01-08 22:21:25 - INFO - Balance: $499773.16 | P/L: $2.76
[5m-supertrend] 2026-01-08 22:21:25 - INFO - Position: SHORT 138031.0 units
[5m-supertrend] 2026-01-08 22:21:25 - INFO - Signal: HOLD_SHORT | Price: 1.16501
⏰ Skipping stale HOLD_SHORT signal: 385.0s old (max: 180s)
[5m-supertrend] 2026-01-08 22:21:25 - INFO -   Stop Loss Adjustment (SHORT): 1.16574 → 1.16582
[5m-supertrend] 2026-01-08 22:21:25 - INFO -     SuperTrend (midpoint): 1.16574
[5m-supertrend] 2026-01-08 22:21:25 - INFO -     Spread: 0.00016 (1.6 pips)
[5m-supertrend] 2026-01-08 22:21:25 - INFO -     Adjustment: +0.00008 (+0.8 pips)
[5m-supertrend] 2026-01-08 22:21:25 - INFO -     → Position closes when midpoint touches 1.16574
[5m-supertrend] 2026-01-08 22:22:25 - INFO - --------------------------------------------------------------------------------
[5m-supertrend] 2026-01-08 22:22:25 - INFO - Time: 2026-01-08 22:22:25
[5m-supertrend] 2026-01-08 22:22:25 - INFO - Balance: $499773.16 | P/L: $9.66
[5m-supertrend] 2026-01-08 22:22:25 - INFO - Position: SHORT 138031.0 units
[5m-supertrend] 2026-01-08 22:22:25 - INFO - Signal: HOLD_SHORT | Price: 1.16501
⏰ Skipping stale HOLD_SHORT signal: 445.7s old (max: 180s)
[5m-supertrend] 2026-01-08 22:22:25 - INFO -   Stop Loss Adjustment (SHORT): 1.16574 → 1.16582
[5m-supertrend] 2026-01-08 22:22:25 - INFO -     SuperTrend (midpoint): 1.16574
[5m-supertrend] 2026-01-08 22:22:25 - INFO -     Spread: 0.00016 (1.6 pips)
[5m-supertrend] 2026-01-08 22:22:25 - INFO -     Adjustment: +0.00008 (+0.8 pips)
[5m-supertrend] 2026-01-08 22:22:25 - INFO -     → Position closes when midpoint touches 1.16574
[5m-supertrend] 2026-01-08 22:23:26 - INFO - --------------------------------------------------------------------------------
[5m-supertrend] 2026-01-08 22:23:26 - INFO - Time: 2026-01-08 22:23:26
[5m-supertrend] 2026-01-08 22:23:26 - INFO - Balance: $499773.16 | P/L: $13.80
[5m-supertrend] 2026-01-08 22:23:26 - INFO - Position: SHORT 138031.0 units
[5m-supertrend] 2026-01-08 22:23:26 - INFO - Signal: HOLD_SHORT | Price: 1.16501
⏰ Skipping stale HOLD_SHORT signal: 506.3s old (max: 180s)
[5m-supertrend] 2026-01-08 22:23:26 - INFO -   Stop Loss Adjustment (SHORT): 1.16574 → 1.16583
[5m-supertrend] 2026-01-08 22:23:26 - INFO -     SuperTrend (midpoint): 1.16574
[5m-supertrend] 2026-01-08 22:23:26 - INFO -     Spread: 0.00017 (1.7 pips)
[5m-supertrend] 2026-01-08 22:23:26 - INFO -     Adjustment: +0.00009 (+0.9 pips)
[5m-supertrend] 2026-01-08 22:23:26 - INFO -     → Position closes when midpoint touches 1.16574
[5m-supertrend] 2026-01-08 22:24:27 - INFO - --------------------------------------------------------------------------------
[5m-supertrend] 2026-01-08 22:24:27 - INFO - Time: 2026-01-08 22:24:27
[5m-supertrend] 2026-01-08 22:24:27 - INFO - Balance: $499773.16 | P/L: $-2.76
[5m-supertrend] 2026-01-08 22:24:27 - INFO - Position: SHORT 138031.0 units
[5m-supertrend] 2026-01-08 22:24:27 - INFO - Signal: HOLD_SHORT | Price: 1.16501
⏰ Skipping stale HOLD_SHORT signal: 566.9s old (max: 180s)
[5m-supertrend] 2026-01-08 22:24:27 - INFO -   Stop Loss Adjustment (SHORT): 1.16574 → 1.16582
[5m-supertrend] 2026-01-08 22:24:27 - INFO -     SuperTrend (midpoint): 1.16574
[5m-supertrend] 2026-01-08 22:24:27 - INFO -     Spread: 0.00016 (1.6 pips)
[5m-supertrend] 2026-01-08 22:24:27 - INFO -     Adjustment: +0.00008 (+0.8 pips)
[5m-supertrend] 2026-01-08 22:24:27 - INFO -     → Position closes when midpoint touches 1.16574
[5m-supertrend] 2026-01-08 22:25:27 - INFO - --------------------------------------------------------------------------------
[5m-supertrend] 2026-01-08 22:25:27 - INFO - Time: 2026-01-08 22:25:27
[5m-supertrend] 2026-01-08 22:25:27 - INFO - Balance: $499773.16 | P/L: $-5.52
[5m-supertrend] 2026-01-08 22:25:27 - INFO - Position: SHORT 138031.0 units
[5m-supertrend] 2026-01-08 22:25:27 - INFO - Signal: HOLD_SHORT | Price: 1.16498
⏰ Skipping stale HOLD_SHORT signal: 327.7s old (max: 180s)
[5m-supertrend] 2026-01-08 22:25:27 - INFO -   Stop Loss Adjustment (SHORT): 1.16574 → 1.16582
[5m-supertrend] 2026-01-08 22:25:27 - INFO -     SuperTrend (midpoint): 1.16574
[5m-supertrend] 2026-01-08 22:25:27 - INFO -     Spread: 0.00016 (1.6 pips)
[5m-supertrend] 2026-01-08 22:25:27 - INFO -     Adjustment: +0.00008 (+0.8 pips)
[5m-supertrend] 2026-01-08 22:25:27 - INFO -     → Position closes when midpoint touches 1.16574
[5m-supertrend] 2026-01-08 22:26:28 - INFO - --------------------------------------------------------------------------------
[5m-supertrend] 2026-01-08 22:26:28 - INFO - Time: 2026-01-08 22:26:28
[5m-supertrend] 2026-01-08 22:26:28 - INFO - Balance: $499773.16 | P/L: $-19.32
[5m-supertrend] 2026-01-08 22:26:28 - INFO - Position: SHORT 138031.0 units
[5m-supertrend] 2026-01-08 22:26:28 - INFO - Signal: HOLD_SHORT | Price: 1.16498
⏰ Skipping stale HOLD_SHORT signal: 388.5s old (max: 180s)
[5m-supertrend] 2026-01-08 22:26:28 - INFO -   Stop Loss Adjustment (SHORT): 1.16574 → 1.16582
[5m-supertrend] 2026-01-08 22:26:28 - INFO -     SuperTrend (midpoint): 1.16574
[5m-supertrend] 2026-01-08 22:26:28 - INFO -     Spread: 0.00015 (1.5 pips)
[5m-supertrend] 2026-01-08 22:26:28 - INFO -     Adjustment: +0.00008 (+0.8 pips)
[5m-supertrend] 2026-01-08 22:26:28 - INFO -     → Position closes when midpoint touches 1.16574
[5m-supertrend] 2026-01-08 22:27:29 - INFO - --------------------------------------------------------------------------------
[5m-supertrend] 2026-01-08 22:27:29 - INFO - Time: 2026-01-08 22:27:29
[5m-supertrend] 2026-01-08 22:27:29 - INFO - Balance: $499773.16 | P/L: $-26.23
[5m-supertrend] 2026-01-08 22:27:29 - INFO - Position: SHORT 138031.0 units
[5m-supertrend] 2026-01-08 22:27:29 - INFO - Signal: HOLD_SHORT | Price: 1.16498
⏰ Skipping stale HOLD_SHORT signal: 449.1s old (max: 180s)
[5m-supertrend] 2026-01-08 22:27:29 - INFO -   Stop Loss Adjustment (SHORT): 1.16574 → 1.16582
[5m-supertrend] 2026-01-08 22:27:29 - INFO -     SuperTrend (midpoint): 1.16574
[5m-supertrend] 2026-01-08 22:27:29 - INFO -     Spread: 0.00016 (1.6 pips)
[5m-supertrend] 2026-01-08 22:27:29 - INFO -     Adjustment: +0.00008 (+0.8 pips)
[5m-supertrend] 2026-01-08 22:27:29 - INFO -     → Position closes when midpoint touches 1.16574
[5m-supertrend] 2026-01-08 22:28:30 - INFO - --------------------------------------------------------------------------------
[5m-supertrend] 2026-01-08 22:28:30 - INFO - Time: 2026-01-08 22:28:30
[5m-supertrend] 2026-01-08 22:28:30 - INFO - Balance: $499773.16 | P/L: $-24.85
[5m-supertrend] 2026-01-08 22:28:30 - INFO - Position: SHORT 138031.0 units
[5m-supertrend] 2026-01-08 22:28:30 - INFO - Signal: HOLD_SHORT | Price: 1.16498
⏰ Skipping stale HOLD_SHORT signal: 510.3s old (max: 180s)
[5m-supertrend] 2026-01-08 22:28:30 - INFO -   Stop Loss Adjustment (SHORT): 1.16574 → 1.16582
[5m-supertrend] 2026-01-08 22:28:30 - INFO -     SuperTrend (midpoint): 1.16574
[5m-supertrend] 2026-01-08 22:28:30 - INFO -     Spread: 0.00016 (1.6 pips)
[5m-supertrend] 2026-01-08 22:28:30 - INFO -     Adjustment: +0.00008 (+0.8 pips)
[5m-supertrend] 2026-01-08 22:28:30 - INFO -     → Position closes when midpoint touches 1.16574
[5m-supertrend] 2026-01-08 22:29:31 - INFO - --------------------------------------------------------------------------------
[5m-supertrend] 2026-01-08 22:29:31 - INFO - Time: 2026-01-08 22:29:31
[5m-supertrend] 2026-01-08 22:29:31 - INFO - Balance: $499773.16 | P/L: $-19.32
[5m-supertrend] 2026-01-08 22:29:31 - INFO - Position: SHORT 138031.0 units
[5m-supertrend] 2026-01-08 22:29:31 - INFO - Signal: HOLD_SHORT | Price: 1.16498
⏰ Skipping stale HOLD_SHORT signal: 570.9s old (max: 180s)
[5m-supertrend] 2026-01-08 22:29:31 - INFO -   Stop Loss Adjustment (SHORT): 1.16574 → 1.16583
[5m-supertrend] 2026-01-08 22:29:31 - INFO -     SuperTrend (midpoint): 1.16574
[5m-supertrend] 2026-01-08 22:29:31 - INFO -     Spread: 0.00018 (1.8 pips)
[5m-supertrend] 2026-01-08 22:29:31 - INFO -     Adjustment: +0.00009 (+0.9 pips)
[5m-supertrend] 2026-01-08 22:29:31 - INFO -     → Position closes when midpoint touches 1.16574
[5m-supertrend] 2026-01-08 22:30:31 - INFO - --------------------------------------------------------------------------------
[5m-supertrend] 2026-01-08 22:30:31 - INFO - Time: 2026-01-08 22:30:31
[5m-supertrend] 2026-01-08 22:30:31 - INFO - Balance: $499773.16 | P/L: $-26.23
[5m-supertrend] 2026-01-08 22:30:31 - INFO - Position: SHORT 138031.0 units
[5m-supertrend] 2026-01-08 22:30:31 - INFO - Signal: HOLD_SHORT | Price: 1.16508
⏰ Skipping stale HOLD_SHORT signal: 331.6s old (max: 180s)
[5m-supertrend] 2026-01-08 22:30:31 - INFO -   Stop Loss Adjustment (SHORT): 1.16574 → 1.16581
[5m-supertrend] 2026-01-08 22:30:31 - INFO -     SuperTrend (midpoint): 1.16574
[5m-supertrend] 2026-01-08 22:30:31 - INFO -     Spread: 0.00014 (1.4 pips)
[5m-supertrend] 2026-01-08 22:30:31 - INFO -     Adjustment: +0.00007 (+0.7 pips)
[5m-supertrend] 2026-01-08 22:30:31 - INFO -     → Position closes when midpoint touches 1.16574
