2026-01-08 21:30:48 - bot_EUR_USD_5m_ppcenterline - INFO - ================================================================================
2026-01-08 21:30:48 - bot_EUR_USD_5m_ppcenterline - INFO - Enhanced Trading Bot Initialized
2026-01-08 21:30:48 - bot_EUR_USD_5m_ppcenterline - INFO - ================================================================================
2026-01-08 21:30:48 - bot_EUR_USD_5m_ppcenterline - INFO - Account: 101-001-38143009-001
2026-01-08 21:30:48 - bot_EUR_USD_5m_ppcenterline - INFO - Mode: PRACTICE
2026-01-08 21:30:48 - bot_EUR_USD_5m_ppcenterline - INFO - Instrument: EUR_USD
2026-01-08 21:30:48 - bot_EUR_USD_5m_ppcenterline - INFO - Timeframe: 5m (M5)
2026-01-08 21:30:48 - bot_EUR_USD_5m_ppcenterline - INFO - Stop Loss Type: PPCenterLine
2026-01-08 21:30:48 - bot_EUR_USD_5m_ppcenterline - INFO - CSV Log: account2/csv/EUR_USD_5m_sl-PPCenterLine.csv
2026-01-08 21:30:48 - bot_EUR_USD_5m_ppcenterline - INFO - Text Log: account2/logs/bot_EUR_USD_5m_PPCenterLine.log
2026-01-08 21:30:48 - bot_EUR_USD_5m_ppcenterline - INFO - Parameters: PP=2, ATR Factor=3.0, ATR Period=10
2026-01-08 21:30:48 - bot_EUR_USD_5m_ppcenterline - INFO - Check Interval: 60 seconds
2026-01-08 21:30:48 - bot_EUR_USD_5m_ppcenterline - INFO - Trailing Stop: ENABLED
2026-01-08 21:30:48 - bot_EUR_USD_5m_ppcenterline - INFO - ================================================================================
2026-01-08 21:30:48 - bot_EUR_USD_5m_ppcenterline - INFO - 🚀 Trading bot started
2026-01-08 21:30:49 - bot_EUR_USD_5m_ppcenterline - INFO - --------------------------------------------------------------------------------
2026-01-08 21:30:49 - bot_EUR_USD_5m_ppcenterline - INFO - Time: 2026-01-08 21:30:49
2026-01-08 21:30:49 - bot_EUR_USD_5m_ppcenterline - INFO - Balance: $99960.64 | P/L: $0.00
2026-01-08 21:30:49 - bot_EUR_USD_5m_ppcenterline - INFO - Signal: HOLD_LONG | Price: 1.16530
2026-01-08 21:31:49 - bot_EUR_USD_5m_ppcenterline - INFO - --------------------------------------------------------------------------------
2026-01-08 21:31:49 - bot_EUR_USD_5m_ppcenterline - INFO - Time: 2026-01-08 21:31:49
2026-01-08 21:31:49 - bot_EUR_USD_5m_ppcenterline - INFO - Balance: $99960.64 | P/L: $0.00
2026-01-08 21:31:49 - bot_EUR_USD_5m_ppcenterline - INFO - Signal: HOLD_LONG | Price: 1.16530
2026-01-08 21:32:50 - bot_EUR_USD_5m_ppcenterline - INFO - --------------------------------------------------------------------------------
2026-01-08 21:32:50 - bot_EUR_USD_5m_ppcenterline - INFO - Time: 2026-01-08 21:32:50
2026-01-08 21:32:50 - bot_EUR_USD_5m_ppcenterline - INFO - Balance: $99960.64 | P/L: $0.00
2026-01-08 21:32:50 - bot_EUR_USD_5m_ppcenterline - INFO - Signal: HOLD_LONG | Price: 1.16530
2026-01-08 21:33:50 - bot_EUR_USD_5m_ppcenterline - INFO - --------------------------------------------------------------------------------
2026-01-08 21:33:50 - bot_EUR_USD_5m_ppcenterline - INFO - Time: 2026-01-08 21:33:50
2026-01-08 21:33:50 - bot_EUR_USD_5m_ppcenterline - INFO - Balance: $99960.64 | P/L: $0.00
2026-01-08 21:33:50 - bot_EUR_USD_5m_ppcenterline - INFO - Signal: HOLD_LONG | Price: 1.16530
2026-01-08 21:34:51 - bot_EUR_USD_5m_ppcenterline - INFO - --------------------------------------------------------------------------------
2026-01-08 21:34:51 - bot_EUR_USD_5m_ppcenterline - INFO - Time: 2026-01-08 21:34:51
2026-01-08 21:34:51 - bot_EUR_USD_5m_ppcenterline - INFO - Balance: $99960.64 | P/L: $0.00
2026-01-08 21:34:51 - bot_EUR_USD_5m_ppcenterline - INFO - Signal: HOLD_LONG | Price: 1.16530
2026-01-08 21:35:51 - bot_EUR_USD_5m_ppcenterline - INFO - --------------------------------------------------------------------------------
2026-01-08 21:35:51 - bot_EUR_USD_5m_ppcenterline - INFO - Time: 2026-01-08 21:35:51
2026-01-08 21:35:51 - bot_EUR_USD_5m_ppcenterline - INFO - Balance: $99960.64 | P/L: $0.00
2026-01-08 21:35:51 - bot_EUR_USD_5m_ppcenterline - INFO - Signal: HOLD_LONG | Price: 1.16512
2026-01-08 21:36:52 - bot_EUR_USD_5m_ppcenterline - INFO - --------------------------------------------------------------------------------
2026-01-08 21:36:52 - bot_EUR_USD_5m_ppcenterline - INFO - Time: 2026-01-08 21:36:52
2026-01-08 21:36:52 - bot_EUR_USD_5m_ppcenterline - INFO - Balance: $99960.64 | P/L: $0.00
2026-01-08 21:36:52 - bot_EUR_USD_5m_ppcenterline - INFO - Signal: HOLD_LONG | Price: 1.16512
2026-01-08 21:37:52 - bot_EUR_USD_5m_ppcenterline - INFO - --------------------------------------------------------------------------------
2026-01-08 21:37:52 - bot_EUR_USD_5m_ppcenterline - INFO - Time: 2026-01-08 21:37:52
2026-01-08 21:37:52 - bot_EUR_USD_5m_ppcenterline - INFO - Balance: $99960.64 | P/L: $0.00
2026-01-08 21:37:52 - bot_EUR_USD_5m_ppcenterline - INFO - Signal: HOLD_LONG | Price: 1.16512
2026-01-08 21:38:53 - bot_EUR_USD_5m_ppcenterline - INFO - --------------------------------------------------------------------------------
2026-01-08 21:38:53 - bot_EUR_USD_5m_ppcenterline - INFO - Time: 2026-01-08 21:38:53
2026-01-08 21:38:53 - bot_EUR_USD_5m_ppcenterline - INFO - Balance: $99960.64 | P/L: $0.00
2026-01-08 21:38:53 - bot_EUR_USD_5m_ppcenterline - INFO - Signal: HOLD_LONG | Price: 1.16512
2026-01-08 21:39:54 - bot_EUR_USD_5m_ppcenterline - INFO - --------------------------------------------------------------------------------
2026-01-08 21:39:54 - bot_EUR_USD_5m_ppcenterline - INFO - Time: 2026-01-08 21:39:54
2026-01-08 21:39:54 - bot_EUR_USD_5m_ppcenterline - INFO - Balance: $99960.64 | P/L: $0.00
2026-01-08 21:39:54 - bot_EUR_USD_5m_ppcenterline - INFO - Signal: HOLD_LONG | Price: 1.16512
2026-01-08 21:40:54 - bot_EUR_USD_5m_ppcenterline - INFO - --------------------------------------------------------------------------------
2026-01-08 21:40:54 - bot_EUR_USD_5m_ppcenterline - INFO - Time: 2026-01-08 21:40:54
2026-01-08 21:40:54 - bot_EUR_USD_5m_ppcenterline - INFO - Balance: $99960.64 | P/L: $0.00
2026-01-08 21:40:54 - bot_EUR_USD_5m_ppcenterline - INFO - Signal: SELL | Price: 1.16508
2026-01-08 21:40:54 - bot_EUR_USD_5m_ppcenterline - INFO - 🔍 SIGNAL DETECTED: SELL
2026-01-08 21:40:54 - bot_EUR_USD_5m_ppcenterline - INFO -    Candle Time: 2026-01-09 05:35:00+00:00
2026-01-08 21:40:54 - bot_EUR_USD_5m_ppcenterline - INFO -    Current Time: 2026-01-08 21:40:54
2026-01-08 21:40:54 - bot_EUR_USD_5m_ppcenterline - INFO -    Candle Age: 5.9 minutes
2026-01-08 21:40:54 - bot_EUR_USD_5m_ppcenterline - INFO -    Price: 1.16508
2026-01-08 21:40:54 - bot_EUR_USD_5m_ppcenterline - INFO -    SuperTrend: 1.16580
2026-01-08 21:40:54 - bot_EUR_USD_5m_ppcenterline - INFO -    Trend: -1
2026-01-08 21:40:54 - bot_EUR_USD_5m_ppcenterline - INFO -    Pivot Center: 1.16548
2026-01-08 21:41:55 - bot_EUR_USD_5m_ppcenterline - INFO - --------------------------------------------------------------------------------
2026-01-08 21:41:55 - bot_EUR_USD_5m_ppcenterline - INFO - Time: 2026-01-08 21:41:55
2026-01-08 21:41:55 - bot_EUR_USD_5m_ppcenterline - INFO - Balance: $99960.64 | P/L: $0.00
2026-01-08 21:41:55 - bot_EUR_USD_5m_ppcenterline - INFO - Signal: SELL | Price: 1.16508
2026-01-08 21:41:55 - bot_EUR_USD_5m_ppcenterline - INFO - 🔍 SIGNAL DETECTED: SELL
2026-01-08 21:41:55 - bot_EUR_USD_5m_ppcenterline - INFO -    Candle Time: 2026-01-09 05:35:00+00:00
2026-01-08 21:41:55 - bot_EUR_USD_5m_ppcenterline - INFO -    Current Time: 2026-01-08 21:41:55
2026-01-08 21:41:55 - bot_EUR_USD_5m_ppcenterline - INFO -    Candle Age: 6.9 minutes
2026-01-08 21:41:55 - bot_EUR_USD_5m_ppcenterline - INFO -    Price: 1.16508
2026-01-08 21:41:55 - bot_EUR_USD_5m_ppcenterline - INFO -    SuperTrend: 1.16580
2026-01-08 21:41:55 - bot_EUR_USD_5m_ppcenterline - INFO -    Trend: -1
2026-01-08 21:41:55 - bot_EUR_USD_5m_ppcenterline - INFO -    Pivot Center: 1.16548
2026-01-08 21:42:55 - bot_EUR_USD_5m_ppcenterline - INFO - --------------------------------------------------------------------------------
2026-01-08 21:42:55 - bot_EUR_USD_5m_ppcenterline - INFO - Time: 2026-01-08 21:42:55
2026-01-08 21:42:55 - bot_EUR_USD_5m_ppcenterline - INFO - Balance: $99960.64 | P/L: $0.00
2026-01-08 21:42:55 - bot_EUR_USD_5m_ppcenterline - INFO - Signal: SELL | Price: 1.16508
2026-01-08 21:42:55 - bot_EUR_USD_5m_ppcenterline - INFO - 🔍 SIGNAL DETECTED: SELL
2026-01-08 21:42:55 - bot_EUR_USD_5m_ppcenterline - INFO -    Candle Time: 2026-01-09 05:35:00+00:00
2026-01-08 21:42:55 - bot_EUR_USD_5m_ppcenterline - INFO -    Current Time: 2026-01-08 21:42:55
2026-01-08 21:42:55 - bot_EUR_USD_5m_ppcenterline - INFO -    Candle Age: 7.9 minutes
2026-01-08 21:42:55 - bot_EUR_USD_5m_ppcenterline - INFO -    Price: 1.16508
2026-01-08 21:42:55 - bot_EUR_USD_5m_ppcenterline - INFO -    SuperTrend: 1.16580
2026-01-08 21:42:55 - bot_EUR_USD_5m_ppcenterline - INFO -    Trend: -1
2026-01-08 21:42:55 - bot_EUR_USD_5m_ppcenterline - INFO -    Pivot Center: 1.16548
2026-01-08 21:43:56 - bot_EUR_USD_5m_ppcenterline - INFO - --------------------------------------------------------------------------------
2026-01-08 21:43:56 - bot_EUR_USD_5m_ppcenterline - INFO - Time: 2026-01-08 21:43:56
2026-01-08 21:43:56 - bot_EUR_USD_5m_ppcenterline - INFO - Balance: $99960.64 | P/L: $0.00
2026-01-08 21:43:56 - bot_EUR_USD_5m_ppcenterline - INFO - Signal: SELL | Price: 1.16508
2026-01-08 21:43:56 - bot_EUR_USD_5m_ppcenterline - INFO - 🔍 SIGNAL DETECTED: SELL
2026-01-08 21:43:56 - bot_EUR_USD_5m_ppcenterline - INFO -    Candle Time: 2026-01-09 05:35:00+00:00
2026-01-08 21:43:56 - bot_EUR_USD_5m_ppcenterline - INFO -    Current Time: 2026-01-08 21:43:56
2026-01-08 21:43:56 - bot_EUR_USD_5m_ppcenterline - INFO -    Candle Age: 8.9 minutes
2026-01-08 21:43:56 - bot_EUR_USD_5m_ppcenterline - INFO -    Price: 1.16508
2026-01-08 21:43:56 - bot_EUR_USD_5m_ppcenterline - INFO -    SuperTrend: 1.16580
2026-01-08 21:43:56 - bot_EUR_USD_5m_ppcenterline - INFO -    Trend: -1
2026-01-08 21:43:56 - bot_EUR_USD_5m_ppcenterline - INFO -    Pivot Center: 1.16548
2026-01-08 21:44:56 - bot_EUR_USD_5m_ppcenterline - INFO - --------------------------------------------------------------------------------
2026-01-08 21:44:56 - bot_EUR_USD_5m_ppcenterline - INFO - Time: 2026-01-08 21:44:56
2026-01-08 21:44:56 - bot_EUR_USD_5m_ppcenterline - INFO - Balance: $99960.64 | P/L: $0.00
2026-01-08 21:44:56 - bot_EUR_USD_5m_ppcenterline - INFO - Signal: SELL | Price: 1.16508
2026-01-08 21:44:56 - bot_EUR_USD_5m_ppcenterline - INFO - 🔍 SIGNAL DETECTED: SELL
2026-01-08 21:44:56 - bot_EUR_USD_5m_ppcenterline - INFO -    Candle Time: 2026-01-09 05:35:00+00:00
2026-01-08 21:44:56 - bot_EUR_USD_5m_ppcenterline - INFO -    Current Time: 2026-01-08 21:44:56
2026-01-08 21:44:56 - bot_EUR_USD_5m_ppcenterline - INFO -    Candle Age: 9.9 minutes
2026-01-08 21:44:56 - bot_EUR_USD_5m_ppcenterline - INFO -    Price: 1.16508
2026-01-08 21:44:56 - bot_EUR_USD_5m_ppcenterline - INFO -    SuperTrend: 1.16580
2026-01-08 21:44:56 - bot_EUR_USD_5m_ppcenterline - INFO -    Trend: -1
2026-01-08 21:44:56 - bot_EUR_USD_5m_ppcenterline - INFO -    Pivot Center: 1.16548
2026-01-08 21:45:57 - bot_EUR_USD_5m_ppcenterline - INFO - --------------------------------------------------------------------------------
2026-01-08 21:45:57 - bot_EUR_USD_5m_ppcenterline - INFO - Time: 2026-01-08 21:45:57
2026-01-08 21:45:57 - bot_EUR_USD_5m_ppcenterline - INFO - Balance: $99960.64 | P/L: $0.00
2026-01-08 21:45:57 - bot_EUR_USD_5m_ppcenterline - INFO - Signal: HOLD_SHORT | Price: 1.16512
2026-01-08 21:46:57 - bot_EUR_USD_5m_ppcenterline - INFO - --------------------------------------------------------------------------------
2026-01-08 21:46:57 - bot_EUR_USD_5m_ppcenterline - INFO - Time: 2026-01-08 21:46:57
2026-01-08 21:46:57 - bot_EUR_USD_5m_ppcenterline - INFO - Balance: $99960.64 | P/L: $0.00
2026-01-08 21:46:57 - bot_EUR_USD_5m_ppcenterline - INFO - Signal: HOLD_SHORT | Price: 1.16512
2026-01-08 21:47:58 - bot_EUR_USD_5m_ppcenterline - INFO - --------------------------------------------------------------------------------
2026-01-08 21:47:58 - bot_EUR_USD_5m_ppcenterline - INFO - Time: 2026-01-08 21:47:58
2026-01-08 21:47:58 - bot_EUR_USD_5m_ppcenterline - INFO - Balance: $99960.64 | P/L: $0.00
2026-01-08 21:47:58 - bot_EUR_USD_5m_ppcenterline - INFO - Signal: HOLD_SHORT | Price: 1.16512
2026-01-08 21:48:59 - bot_EUR_USD_5m_ppcenterline - INFO - --------------------------------------------------------------------------------
2026-01-08 21:48:59 - bot_EUR_USD_5m_ppcenterline - INFO - Time: 2026-01-08 21:48:59
2026-01-08 21:48:59 - bot_EUR_USD_5m_ppcenterline - INFO - Balance: $99960.64 | P/L: $0.00
2026-01-08 21:48:59 - bot_EUR_USD_5m_ppcenterline - INFO - Signal: HOLD_SHORT | Price: 1.16512
2026-01-08 21:49:59 - bot_EUR_USD_5m_ppcenterline - INFO - --------------------------------------------------------------------------------
2026-01-08 21:49:59 - bot_EUR_USD_5m_ppcenterline - INFO - Time: 2026-01-08 21:49:59
2026-01-08 21:49:59 - bot_EUR_USD_5m_ppcenterline - INFO - Balance: $99960.64 | P/L: $0.00
2026-01-08 21:49:59 - bot_EUR_USD_5m_ppcenterline - INFO - Signal: HOLD_SHORT | Price: 1.16512
2026-01-08 21:51:00 - bot_EUR_USD_5m_ppcenterline - INFO - --------------------------------------------------------------------------------
2026-01-08 21:51:00 - bot_EUR_USD_5m_ppcenterline - INFO - Time: 2026-01-08 21:51:00
2026-01-08 21:51:00 - bot_EUR_USD_5m_ppcenterline - INFO - Balance: $99960.64 | P/L: $0.00
2026-01-08 21:51:00 - bot_EUR_USD_5m_ppcenterline - INFO - Signal: HOLD_SHORT | Price: 1.16518
2026-01-08 21:52:00 - bot_EUR_USD_5m_ppcenterline - INFO - --------------------------------------------------------------------------------
2026-01-08 21:52:00 - bot_EUR_USD_5m_ppcenterline - INFO - Time: 2026-01-08 21:52:00
2026-01-08 21:52:00 - bot_EUR_USD_5m_ppcenterline - INFO - Balance: $99960.64 | P/L: $0.00
2026-01-08 21:52:00 - bot_EUR_USD_5m_ppcenterline - INFO - Signal: HOLD_SHORT | Price: 1.16518
2026-01-08 21:53:01 - bot_EUR_USD_5m_ppcenterline - INFO - --------------------------------------------------------------------------------
2026-01-08 21:53:01 - bot_EUR_USD_5m_ppcenterline - INFO - Time: 2026-01-08 21:53:01
2026-01-08 21:53:01 - bot_EUR_USD_5m_ppcenterline - INFO - Balance: $99960.64 | P/L: $0.00
2026-01-08 21:53:01 - bot_EUR_USD_5m_ppcenterline - INFO - Signal: HOLD_SHORT | Price: 1.16518
2026-01-08 21:54:01 - bot_EUR_USD_5m_ppcenterline - INFO - --------------------------------------------------------------------------------
2026-01-08 21:54:01 - bot_EUR_USD_5m_ppcenterline - INFO - Time: 2026-01-08 21:54:01
2026-01-08 21:54:01 - bot_EUR_USD_5m_ppcenterline - INFO - Balance: $99960.64 | P/L: $0.00
2026-01-08 21:54:01 - bot_EUR_USD_5m_ppcenterline - INFO - Signal: HOLD_SHORT | Price: 1.16518
2026-01-08 21:55:02 - bot_EUR_USD_5m_ppcenterline - INFO - --------------------------------------------------------------------------------
2026-01-08 21:55:02 - bot_EUR_USD_5m_ppcenterline - INFO - Time: 2026-01-08 21:55:02
2026-01-08 21:55:02 - bot_EUR_USD_5m_ppcenterline - INFO - Balance: $99960.64 | P/L: $0.00
2026-01-08 21:55:02 - bot_EUR_USD_5m_ppcenterline - INFO - Signal: HOLD_SHORT | Price: 1.16503
2026-01-08 21:56:03 - bot_EUR_USD_5m_ppcenterline - INFO - --------------------------------------------------------------------------------
2026-01-08 21:56:03 - bot_EUR_USD_5m_ppcenterline - INFO - Time: 2026-01-08 21:56:03
2026-01-08 21:56:03 - bot_EUR_USD_5m_ppcenterline - INFO - Balance: $99960.64 | P/L: $0.00
2026-01-08 21:56:03 - bot_EUR_USD_5m_ppcenterline - INFO - Signal: HOLD_SHORT | Price: 1.16503
2026-01-08 21:57:04 - bot_EUR_USD_5m_ppcenterline - INFO - --------------------------------------------------------------------------------
2026-01-08 21:57:04 - bot_EUR_USD_5m_ppcenterline - INFO - Time: 2026-01-08 21:57:04
2026-01-08 21:57:04 - bot_EUR_USD_5m_ppcenterline - INFO - Balance: $99960.64 | P/L: $0.00
2026-01-08 21:57:04 - bot_EUR_USD_5m_ppcenterline - INFO - Signal: HOLD_SHORT | Price: 1.16503
2026-01-08 21:58:04 - bot_EUR_USD_5m_ppcenterline - INFO - --------------------------------------------------------------------------------
2026-01-08 21:58:04 - bot_EUR_USD_5m_ppcenterline - INFO - Time: 2026-01-08 21:58:04
2026-01-08 21:58:04 - bot_EUR_USD_5m_ppcenterline - INFO - Balance: $99960.64 | P/L: $0.00
2026-01-08 21:58:04 - bot_EUR_USD_5m_ppcenterline - INFO - Signal: HOLD_SHORT | Price: 1.16503
2026-01-08 21:59:05 - bot_EUR_USD_5m_ppcenterline - INFO - --------------------------------------------------------------------------------
2026-01-08 21:59:05 - bot_EUR_USD_5m_ppcenterline - INFO - Time: 2026-01-08 21:59:05
2026-01-08 21:59:05 - bot_EUR_USD_5m_ppcenterline - INFO - Balance: $99960.64 | P/L: $0.00
2026-01-08 21:59:05 - bot_EUR_USD_5m_ppcenterline - INFO - Signal: HOLD_SHORT | Price: 1.16503
2026-01-08 22:00:05 - bot_EUR_USD_5m_ppcenterline - INFO - --------------------------------------------------------------------------------
2026-01-08 22:00:05 - bot_EUR_USD_5m_ppcenterline - INFO - Time: 2026-01-08 22:00:05
2026-01-08 22:00:05 - bot_EUR_USD_5m_ppcenterline - INFO - Balance: $99960.64 | P/L: $0.00
2026-01-08 22:00:05 - bot_EUR_USD_5m_ppcenterline - INFO - Signal: HOLD_SHORT | Price: 1.16511
2026-01-08 22:01:06 - bot_EUR_USD_5m_ppcenterline - INFO - --------------------------------------------------------------------------------
2026-01-08 22:01:06 - bot_EUR_USD_5m_ppcenterline - INFO - Time: 2026-01-08 22:01:06
2026-01-08 22:01:06 - bot_EUR_USD_5m_ppcenterline - INFO - Balance: $99960.64 | P/L: $0.00
2026-01-08 22:01:06 - bot_EUR_USD_5m_ppcenterline - INFO - Signal: HOLD_SHORT | Price: 1.16511
2026-01-08 22:02:07 - bot_EUR_USD_5m_ppcenterline - INFO - --------------------------------------------------------------------------------
2026-01-08 22:02:07 - bot_EUR_USD_5m_ppcenterline - INFO - Time: 2026-01-08 22:02:07
2026-01-08 22:02:07 - bot_EUR_USD_5m_ppcenterline - INFO - Balance: $99960.64 | P/L: $0.00
2026-01-08 22:02:07 - bot_EUR_USD_5m_ppcenterline - INFO - Signal: HOLD_SHORT | Price: 1.16511
2026-01-08 22:03:07 - bot_EUR_USD_5m_ppcenterline - INFO - --------------------------------------------------------------------------------
2026-01-08 22:03:07 - bot_EUR_USD_5m_ppcenterline - INFO - Time: 2026-01-08 22:03:07
2026-01-08 22:03:07 - bot_EUR_USD_5m_ppcenterline - INFO - Balance: $99960.64 | P/L: $0.00
2026-01-08 22:03:07 - bot_EUR_USD_5m_ppcenterline - INFO - Signal: HOLD_SHORT | Price: 1.16511
2026-01-08 22:04:08 - bot_EUR_USD_5m_ppcenterline - INFO - --------------------------------------------------------------------------------
2026-01-08 22:04:08 - bot_EUR_USD_5m_ppcenterline - INFO - Time: 2026-01-08 22:04:08
2026-01-08 22:04:08 - bot_EUR_USD_5m_ppcenterline - INFO - Balance: $99960.64 | P/L: $0.00
2026-01-08 22:04:08 - bot_EUR_USD_5m_ppcenterline - INFO - Signal: HOLD_SHORT | Price: 1.16511
2026-01-08 22:05:08 - bot_EUR_USD_5m_ppcenterline - INFO - --------------------------------------------------------------------------------
2026-01-08 22:05:08 - bot_EUR_USD_5m_ppcenterline - INFO - Time: 2026-01-08 22:05:08
2026-01-08 22:05:08 - bot_EUR_USD_5m_ppcenterline - INFO - Balance: $99960.64 | P/L: $0.00
2026-01-08 22:05:08 - bot_EUR_USD_5m_ppcenterline - INFO - Signal: HOLD_SHORT | Price: 1.16522
2026-01-08 22:06:09 - bot_EUR_USD_5m_ppcenterline - INFO - --------------------------------------------------------------------------------
2026-01-08 22:06:09 - bot_EUR_USD_5m_ppcenterline - INFO - Time: 2026-01-08 22:06:09
2026-01-08 22:06:09 - bot_EUR_USD_5m_ppcenterline - INFO - Balance: $99960.64 | P/L: $0.00
2026-01-08 22:06:09 - bot_EUR_USD_5m_ppcenterline - INFO - Signal: HOLD_SHORT | Price: 1.16522
2026-01-08 22:07:10 - bot_EUR_USD_5m_ppcenterline - INFO - --------------------------------------------------------------------------------
2026-01-08 22:07:10 - bot_EUR_USD_5m_ppcenterline - INFO - Time: 2026-01-08 22:07:10
2026-01-08 22:07:10 - bot_EUR_USD_5m_ppcenterline - INFO - Balance: $99960.64 | P/L: $0.00
2026-01-08 22:07:10 - bot_EUR_USD_5m_ppcenterline - INFO - Signal: HOLD_SHORT | Price: 1.16522
2026-01-08 22:08:10 - bot_EUR_USD_5m_ppcenterline - INFO - --------------------------------------------------------------------------------
2026-01-08 22:08:10 - bot_EUR_USD_5m_ppcenterline - INFO - Time: 2026-01-08 22:08:10
2026-01-08 22:08:10 - bot_EUR_USD_5m_ppcenterline - INFO - Balance: $99960.64 | P/L: $0.00
2026-01-08 22:08:10 - bot_EUR_USD_5m_ppcenterline - INFO - Signal: HOLD_SHORT | Price: 1.16522
2026-01-08 22:09:11 - bot_EUR_USD_5m_ppcenterline - INFO - --------------------------------------------------------------------------------
2026-01-08 22:09:11 - bot_EUR_USD_5m_ppcenterline - INFO - Time: 2026-01-08 22:09:11
2026-01-08 22:09:11 - bot_EUR_USD_5m_ppcenterline - INFO - Balance: $99960.64 | P/L: $0.00
2026-01-08 22:09:11 - bot_EUR_USD_5m_ppcenterline - INFO - Signal: HOLD_SHORT | Price: 1.16522
2026-01-08 22:10:12 - bot_EUR_USD_5m_ppcenterline - INFO - --------------------------------------------------------------------------------
2026-01-08 22:10:12 - bot_EUR_USD_5m_ppcenterline - INFO - Time: 2026-01-08 22:10:12
2026-01-08 22:10:12 - bot_EUR_USD_5m_ppcenterline - INFO - Balance: $99960.64 | P/L: $0.00
2026-01-08 22:10:12 - bot_EUR_USD_5m_ppcenterline - INFO - Signal: HOLD_SHORT | Price: 1.16498
2026-01-08 22:11:13 - bot_EUR_USD_5m_ppcenterline - INFO - --------------------------------------------------------------------------------
2026-01-08 22:11:13 - bot_EUR_USD_5m_ppcenterline - INFO - Time: 2026-01-08 22:11:13
2026-01-08 22:11:13 - bot_EUR_USD_5m_ppcenterline - INFO - Balance: $99960.64 | P/L: $0.00
2026-01-08 22:11:13 - bot_EUR_USD_5m_ppcenterline - INFO - Signal: HOLD_SHORT | Price: 1.16498
2026-01-08 22:12:13 - bot_EUR_USD_5m_ppcenterline - INFO - --------------------------------------------------------------------------------
2026-01-08 22:12:13 - bot_EUR_USD_5m_ppcenterline - INFO - Time: 2026-01-08 22:12:13
2026-01-08 22:12:13 - bot_EUR_USD_5m_ppcenterline - INFO - Balance: $99960.64 | P/L: $0.00
2026-01-08 22:12:13 - bot_EUR_USD_5m_ppcenterline - INFO - Signal: HOLD_SHORT | Price: 1.16498
2026-01-08 22:13:14 - bot_EUR_USD_5m_ppcenterline - INFO - --------------------------------------------------------------------------------
2026-01-08 22:13:14 - bot_EUR_USD_5m_ppcenterline - INFO - Time: 2026-01-08 22:13:14
2026-01-08 22:13:14 - bot_EUR_USD_5m_ppcenterline - INFO - Balance: $99960.64 | P/L: $0.00
2026-01-08 22:13:14 - bot_EUR_USD_5m_ppcenterline - INFO - Signal: HOLD_SHORT | Price: 1.16498
2026-01-08 22:14:15 - bot_EUR_USD_5m_ppcenterline - INFO - --------------------------------------------------------------------------------
2026-01-08 22:14:15 - bot_EUR_USD_5m_ppcenterline - INFO - Time: 2026-01-08 22:14:15
2026-01-08 22:14:15 - bot_EUR_USD_5m_ppcenterline - INFO - Balance: $99960.64 | P/L: $0.00
2026-01-08 22:14:15 - bot_EUR_USD_5m_ppcenterline - INFO - Signal: HOLD_SHORT | Price: 1.16498
2026-01-08 22:15:15 - bot_EUR_USD_5m_ppcenterline - INFO - --------------------------------------------------------------------------------
2026-01-08 22:15:15 - bot_EUR_USD_5m_ppcenterline - INFO - Time: 2026-01-08 22:15:15
2026-01-08 22:15:15 - bot_EUR_USD_5m_ppcenterline - INFO - Balance: $99960.64 | P/L: $0.00
2026-01-08 22:15:15 - bot_EUR_USD_5m_ppcenterline - INFO - Signal: HOLD_SHORT | Price: 1.16493
2026-01-08 22:16:16 - bot_EUR_USD_5m_ppcenterline - INFO - --------------------------------------------------------------------------------
2026-01-08 22:16:16 - bot_EUR_USD_5m_ppcenterline - INFO - Time: 2026-01-08 22:16:16
2026-01-08 22:16:16 - bot_EUR_USD_5m_ppcenterline - INFO - Balance: $99960.64 | P/L: $0.00
2026-01-08 22:16:16 - bot_EUR_USD_5m_ppcenterline - INFO - Signal: HOLD_SHORT | Price: 1.16493
2026-01-08 22:17:17 - bot_EUR_USD_5m_ppcenterline - INFO - --------------------------------------------------------------------------------
2026-01-08 22:17:17 - bot_EUR_USD_5m_ppcenterline - INFO - Time: 2026-01-08 22:17:17
2026-01-08 22:17:17 - bot_EUR_USD_5m_ppcenterline - INFO - Balance: $99960.64 | P/L: $0.00
2026-01-08 22:17:17 - bot_EUR_USD_5m_ppcenterline - INFO - Signal: HOLD_SHORT | Price: 1.16493
2026-01-08 22:18:17 - bot_EUR_USD_5m_ppcenterline - INFO - --------------------------------------------------------------------------------
2026-01-08 22:18:17 - bot_EUR_USD_5m_ppcenterline - INFO - Time: 2026-01-08 22:18:17
2026-01-08 22:18:17 - bot_EUR_USD_5m_ppcenterline - INFO - Balance: $99960.64 | P/L: $0.00
2026-01-08 22:18:17 - bot_EUR_USD_5m_ppcenterline - INFO - Signal: HOLD_SHORT | Price: 1.16493
2026-01-08 22:19:18 - bot_EUR_USD_5m_ppcenterline - INFO - --------------------------------------------------------------------------------
2026-01-08 22:19:18 - bot_EUR_USD_5m_ppcenterline - INFO - Time: 2026-01-08 22:19:18
2026-01-08 22:19:18 - bot_EUR_USD_5m_ppcenterline - INFO - Balance: $99960.64 | P/L: $0.00
2026-01-08 22:19:18 - bot_EUR_USD_5m_ppcenterline - INFO - Signal: HOLD_SHORT | Price: 1.16493
2026-01-08 22:20:18 - bot_EUR_USD_5m_ppcenterline - INFO - --------------------------------------------------------------------------------
2026-01-08 22:20:18 - bot_EUR_USD_5m_ppcenterline - INFO - Time: 2026-01-08 22:20:18
2026-01-08 22:20:18 - bot_EUR_USD_5m_ppcenterline - INFO - Balance: $99960.64 | P/L: $0.00
2026-01-08 22:20:18 - bot_EUR_USD_5m_ppcenterline - INFO - Signal: HOLD_SHORT | Price: 1.16501
2026-01-08 22:21:19 - bot_EUR_USD_5m_ppcenterline - INFO - --------------------------------------------------------------------------------
2026-01-08 22:21:19 - bot_EUR_USD_5m_ppcenterline - INFO - Time: 2026-01-08 22:21:19
2026-01-08 22:21:19 - bot_EUR_USD_5m_ppcenterline - INFO - Balance: $99960.64 | P/L: $0.00
2026-01-08 22:21:19 - bot_EUR_USD_5m_ppcenterline - INFO - Signal: HOLD_SHORT | Price: 1.16501
2026-01-08 22:22:20 - bot_EUR_USD_5m_ppcenterline - INFO - --------------------------------------------------------------------------------
2026-01-08 22:22:20 - bot_EUR_USD_5m_ppcenterline - INFO - Time: 2026-01-08 22:22:20
2026-01-08 22:22:20 - bot_EUR_USD_5m_ppcenterline - INFO - Balance: $99960.64 | P/L: $0.00
2026-01-08 22:22:20 - bot_EUR_USD_5m_ppcenterline - INFO - Signal: HOLD_SHORT | Price: 1.16501
2026-01-08 22:23:20 - bot_EUR_USD_5m_ppcenterline - INFO - --------------------------------------------------------------------------------
2026-01-08 22:23:20 - bot_EUR_USD_5m_ppcenterline - INFO - Time: 2026-01-08 22:23:20
2026-01-08 22:23:20 - bot_EUR_USD_5m_ppcenterline - INFO - Balance: $99960.64 | P/L: $0.00
2026-01-08 22:23:20 - bot_EUR_USD_5m_ppcenterline - INFO - Signal: HOLD_SHORT | Price: 1.16501
2026-01-08 22:24:21 - bot_EUR_USD_5m_ppcenterline - INFO - --------------------------------------------------------------------------------
2026-01-08 22:24:21 - bot_EUR_USD_5m_ppcenterline - INFO - Time: 2026-01-08 22:24:21
2026-01-08 22:24:21 - bot_EUR_USD_5m_ppcenterline - INFO - Balance: $99960.64 | P/L: $0.00
2026-01-08 22:24:21 - bot_EUR_USD_5m_ppcenterline - INFO - Signal: HOLD_SHORT | Price: 1.16501
2026-01-08 22:25:21 - bot_EUR_USD_5m_ppcenterline - INFO - --------------------------------------------------------------------------------
2026-01-08 22:25:21 - bot_EUR_USD_5m_ppcenterline - INFO - Time: 2026-01-08 22:25:21
2026-01-08 22:25:21 - bot_EUR_USD_5m_ppcenterline - INFO - Balance: $99960.64 | P/L: $0.00
2026-01-08 22:25:21 - bot_EUR_USD_5m_ppcenterline - INFO - Signal: HOLD_SHORT | Price: 1.16498
2026-01-08 22:26:22 - bot_EUR_USD_5m_ppcenterline - INFO - --------------------------------------------------------------------------------
2026-01-08 22:26:22 - bot_EUR_USD_5m_ppcenterline - INFO - Time: 2026-01-08 22:26:22
2026-01-08 22:26:22 - bot_EUR_USD_5m_ppcenterline - INFO - Balance: $99960.64 | P/L: $0.00
2026-01-08 22:26:22 - bot_EUR_USD_5m_ppcenterline - INFO - Signal: HOLD_SHORT | Price: 1.16498
2026-01-08 22:27:23 - bot_EUR_USD_5m_ppcenterline - INFO - --------------------------------------------------------------------------------
2026-01-08 22:27:23 - bot_EUR_USD_5m_ppcenterline - INFO - Time: 2026-01-08 22:27:23
2026-01-08 22:27:23 - bot_EUR_USD_5m_ppcenterline - INFO - Balance: $99960.64 | P/L: $0.00
2026-01-08 22:27:23 - bot_EUR_USD_5m_ppcenterline - INFO - Signal: HOLD_SHORT | Price: 1.16498
2026-01-08 22:28:23 - bot_EUR_USD_5m_ppcenterline - INFO - --------------------------------------------------------------------------------
2026-01-08 22:28:23 - bot_EUR_USD_5m_ppcenterline - INFO - Time: 2026-01-08 22:28:23
2026-01-08 22:28:23 - bot_EUR_USD_5m_ppcenterline - INFO - Balance: $99960.64 | P/L: $0.00
2026-01-08 22:28:23 - bot_EUR_USD_5m_ppcenterline - INFO - Signal: HOLD_SHORT | Price: 1.16498
2026-01-08 22:29:24 - bot_EUR_USD_5m_ppcenterline - INFO - --------------------------------------------------------------------------------
2026-01-08 22:29:24 - bot_EUR_USD_5m_ppcenterline - INFO - Time: 2026-01-08 22:29:24
2026-01-08 22:29:24 - bot_EUR_USD_5m_ppcenterline - INFO - Balance: $99960.64 | P/L: $0.00
2026-01-08 22:29:24 - bot_EUR_USD_5m_ppcenterline - INFO - Signal: HOLD_SHORT | Price: 1.16498
2026-01-08 22:30:24 - bot_EUR_USD_5m_ppcenterline - INFO - --------------------------------------------------------------------------------
2026-01-08 22:30:24 - bot_EUR_USD_5m_ppcenterline - INFO - Time: 2026-01-08 22:30:24
2026-01-08 22:30:24 - bot_EUR_USD_5m_ppcenterline - INFO - Balance: $99960.64 | P/L: $0.00
2026-01-08 22:30:24 - bot_EUR_USD_5m_ppcenterline - INFO - Signal: HOLD_SHORT | Price: 1.16508
