==========================================
Starting Auto Trade Bot
==========================================
Instrument:  EUR_USD
Timeframe:   tf:5m
Stop Loss:   sl:PPCenterLine
Account:     account2
CSV Log:     /Users/dongchen/Documents/AI-project/GitHub/ppsupertrend/account2/csv/EUR_USD_5m_sl-PPCenterLine.csv
Bot Log:     /Users/dongchen/Documents/AI-project/GitHub/ppsupertrend/account2/logs/bot_EUR_USD_5m_PPCenterLine.log
==========================================

/Users/dongchen/Library/Python/3.9/lib/python/site-packages/urllib3/__init__.py:35: NotOpenSSLWarning: urllib3 v2 only supports OpenSSL 1.1.1+, currently the 'ssl' module is compiled with 'LibreSSL 2.8.3'. See: https://github.com/urllib3/urllib3/issues/3020
  warnings.warn(

✓ Using account: account2 (101-001-38143009-001)

================================================================================
⚠️  RUNNING IN PRACTICE MODE
================================================================================
[5m-ppcenterline] 2026-01-08 21:30:48 - INFO - ================================================================================
[5m-ppcenterline] 2026-01-08 21:30:48 - INFO - Enhanced Trading Bot Initialized
[5m-ppcenterline] 2026-01-08 21:30:48 - INFO - ================================================================================
[5m-ppcenterline] 2026-01-08 21:30:48 - INFO - Account: 101-001-38143009-001
[5m-ppcenterline] 2026-01-08 21:30:48 - INFO - Mode: PRACTICE
[5m-ppcenterline] 2026-01-08 21:30:48 - INFO - Instrument: EUR_USD
[5m-ppcenterline] 2026-01-08 21:30:48 - INFO - Timeframe: 5m (M5)
[5m-ppcenterline] 2026-01-08 21:30:48 - INFO - Stop Loss Type: PPCenterLine
[5m-ppcenterline] 2026-01-08 21:30:48 - INFO - CSV Log: account2/csv/EUR_USD_5m_sl-PPCenterLine.csv
[5m-ppcenterline] 2026-01-08 21:30:48 - INFO - Text Log: account2/logs/bot_EUR_USD_5m_PPCenterLine.log
[5m-ppcenterline] 2026-01-08 21:30:48 - INFO - Parameters: PP=2, ATR Factor=3.0, ATR Period=10
[5m-ppcenterline] 2026-01-08 21:30:48 - INFO - Check Interval: 60 seconds
[5m-ppcenterline] 2026-01-08 21:30:48 - INFO - Trailing Stop: ENABLED
[5m-ppcenterline] 2026-01-08 21:30:48 - INFO - ================================================================================

📊 Starting bot...
Account: account2
Instrument: EUR_USD
Timeframe: 5m
Stop Loss: PPCenterLine
CSV Log: account2/csv/EUR_USD_5m_sl-PPCenterLine.csv

Press Ctrl+C to stop

[5m-ppcenterline] 2026-01-08 21:30:48 - INFO - 🚀 Trading bot started
[5m-ppcenterline] 2026-01-08 21:30:49 - INFO - --------------------------------------------------------------------------------
[5m-ppcenterline] 2026-01-08 21:30:49 - INFO - Time: 2026-01-08 21:30:49
[5m-ppcenterline] 2026-01-08 21:30:49 - INFO - Balance: $99960.64 | P/L: $0.00
[5m-ppcenterline] 2026-01-08 21:30:49 - INFO - Signal: HOLD_LONG | Price: 1.16530
⏰ Skipping stale HOLD_LONG signal: 348.9s old (max: 180s)
[5m-ppcenterline] 2026-01-08 21:31:49 - INFO - --------------------------------------------------------------------------------
[5m-ppcenterline] 2026-01-08 21:31:49 - INFO - Time: 2026-01-08 21:31:49
[5m-ppcenterline] 2026-01-08 21:31:49 - INFO - Balance: $99960.64 | P/L: $0.00
[5m-ppcenterline] 2026-01-08 21:31:49 - INFO - Signal: HOLD_LONG | Price: 1.16530
⏰ Skipping stale HOLD_LONG signal: 409.4s old (max: 180s)
[5m-ppcenterline] 2026-01-08 21:32:50 - INFO - --------------------------------------------------------------------------------
[5m-ppcenterline] 2026-01-08 21:32:50 - INFO - Time: 2026-01-08 21:32:50
[5m-ppcenterline] 2026-01-08 21:32:50 - INFO - Balance: $99960.64 | P/L: $0.00
[5m-ppcenterline] 2026-01-08 21:32:50 - INFO - Signal: HOLD_LONG | Price: 1.16530
⏰ Skipping stale HOLD_LONG signal: 470.0s old (max: 180s)
[5m-ppcenterline] 2026-01-08 21:33:50 - INFO - --------------------------------------------------------------------------------
[5m-ppcenterline] 2026-01-08 21:33:50 - INFO - Time: 2026-01-08 21:33:50
[5m-ppcenterline] 2026-01-08 21:33:50 - INFO - Balance: $99960.64 | P/L: $0.00
[5m-ppcenterline] 2026-01-08 21:33:50 - INFO - Signal: HOLD_LONG | Price: 1.16530
⏰ Skipping stale HOLD_LONG signal: 530.6s old (max: 180s)
[5m-ppcenterline] 2026-01-08 21:34:51 - INFO - --------------------------------------------------------------------------------
[5m-ppcenterline] 2026-01-08 21:34:51 - INFO - Time: 2026-01-08 21:34:51
[5m-ppcenterline] 2026-01-08 21:34:51 - INFO - Balance: $99960.64 | P/L: $0.00
[5m-ppcenterline] 2026-01-08 21:34:51 - INFO - Signal: HOLD_LONG | Price: 1.16530
⏰ Skipping stale HOLD_LONG signal: 591.1s old (max: 180s)
[5m-ppcenterline] 2026-01-08 21:35:51 - INFO - --------------------------------------------------------------------------------
[5m-ppcenterline] 2026-01-08 21:35:51 - INFO - Time: 2026-01-08 21:35:51
[5m-ppcenterline] 2026-01-08 21:35:51 - INFO - Balance: $99960.64 | P/L: $0.00
[5m-ppcenterline] 2026-01-08 21:35:51 - INFO - Signal: HOLD_LONG | Price: 1.16512
⏰ Skipping stale HOLD_LONG signal: 351.6s old (max: 180s)
[5m-ppcenterline] 2026-01-08 21:36:52 - INFO - --------------------------------------------------------------------------------
[5m-ppcenterline] 2026-01-08 21:36:52 - INFO - Time: 2026-01-08 21:36:52
[5m-ppcenterline] 2026-01-08 21:36:52 - INFO - Balance: $99960.64 | P/L: $0.00
[5m-ppcenterline] 2026-01-08 21:36:52 - INFO - Signal: HOLD_LONG | Price: 1.16512
⏰ Skipping stale HOLD_LONG signal: 412.1s old (max: 180s)
[5m-ppcenterline] 2026-01-08 21:37:52 - INFO - --------------------------------------------------------------------------------
[5m-ppcenterline] 2026-01-08 21:37:52 - INFO - Time: 2026-01-08 21:37:52
[5m-ppcenterline] 2026-01-08 21:37:52 - INFO - Balance: $99960.64 | P/L: $0.00
[5m-ppcenterline] 2026-01-08 21:37:52 - INFO - Signal: HOLD_LONG | Price: 1.16512
⏰ Skipping stale HOLD_LONG signal: 472.7s old (max: 180s)
[5m-ppcenterline] 2026-01-08 21:38:53 - INFO - --------------------------------------------------------------------------------
[5m-ppcenterline] 2026-01-08 21:38:53 - INFO - Time: 2026-01-08 21:38:53
[5m-ppcenterline] 2026-01-08 21:38:53 - INFO - Balance: $99960.64 | P/L: $0.00
[5m-ppcenterline] 2026-01-08 21:38:53 - INFO - Signal: HOLD_LONG | Price: 1.16512
⏰ Skipping stale HOLD_LONG signal: 533.5s old (max: 180s)
[5m-ppcenterline] 2026-01-08 21:39:54 - INFO - --------------------------------------------------------------------------------
[5m-ppcenterline] 2026-01-08 21:39:54 - INFO - Time: 2026-01-08 21:39:54
[5m-ppcenterline] 2026-01-08 21:39:54 - INFO - Balance: $99960.64 | P/L: $0.00
[5m-ppcenterline] 2026-01-08 21:39:54 - INFO - Signal: HOLD_LONG | Price: 1.16512
⏰ Skipping stale HOLD_LONG signal: 594.0s old (max: 180s)
[5m-ppcenterline] 2026-01-08 21:40:54 - INFO - --------------------------------------------------------------------------------
[5m-ppcenterline] 2026-01-08 21:40:54 - INFO - Time: 2026-01-08 21:40:54
[5m-ppcenterline] 2026-01-08 21:40:54 - INFO - Balance: $99960.64 | P/L: $0.00
[5m-ppcenterline] 2026-01-08 21:40:54 - INFO - Signal: SELL | Price: 1.16508
[5m-ppcenterline] 2026-01-08 21:40:54 - INFO - 🔍 SIGNAL DETECTED: SELL
[5m-ppcenterline] 2026-01-08 21:40:54 - INFO -    Candle Time: 2026-01-09 05:35:00+00:00
[5m-ppcenterline] 2026-01-08 21:40:54 - INFO -    Current Time: 2026-01-08 21:40:54
[5m-ppcenterline] 2026-01-08 21:40:54 - INFO -    Candle Age: 5.9 minutes
[5m-ppcenterline] 2026-01-08 21:40:54 - INFO -    Price: 1.16508
[5m-ppcenterline] 2026-01-08 21:40:54 - INFO -    SuperTrend: 1.16580
[5m-ppcenterline] 2026-01-08 21:40:54 - INFO -    Trend: -1
[5m-ppcenterline] 2026-01-08 21:40:54 - INFO -    Pivot Center: 1.16548
⏰ Skipping stale SELL signal: 354.5s old (max: 180s)
[5m-ppcenterline] 2026-01-08 21:41:55 - INFO - --------------------------------------------------------------------------------
[5m-ppcenterline] 2026-01-08 21:41:55 - INFO - Time: 2026-01-08 21:41:55
[5m-ppcenterline] 2026-01-08 21:41:55 - INFO - Balance: $99960.64 | P/L: $0.00
[5m-ppcenterline] 2026-01-08 21:41:55 - INFO - Signal: SELL | Price: 1.16508
[5m-ppcenterline] 2026-01-08 21:41:55 - INFO - 🔍 SIGNAL DETECTED: SELL
[5m-ppcenterline] 2026-01-08 21:41:55 - INFO -    Candle Time: 2026-01-09 05:35:00+00:00
[5m-ppcenterline] 2026-01-08 21:41:55 - INFO -    Current Time: 2026-01-08 21:41:55
[5m-ppcenterline] 2026-01-08 21:41:55 - INFO -    Candle Age: 6.9 minutes
[5m-ppcenterline] 2026-01-08 21:41:55 - INFO -    Price: 1.16508
[5m-ppcenterline] 2026-01-08 21:41:55 - INFO -    SuperTrend: 1.16580
[5m-ppcenterline] 2026-01-08 21:41:55 - INFO -    Trend: -1
[5m-ppcenterline] 2026-01-08 21:41:55 - INFO -    Pivot Center: 1.16548
⏰ Skipping stale SELL signal: 415.0s old (max: 180s)
[5m-ppcenterline] 2026-01-08 21:42:55 - INFO - --------------------------------------------------------------------------------
[5m-ppcenterline] 2026-01-08 21:42:55 - INFO - Time: 2026-01-08 21:42:55
[5m-ppcenterline] 2026-01-08 21:42:55 - INFO - Balance: $99960.64 | P/L: $0.00
[5m-ppcenterline] 2026-01-08 21:42:55 - INFO - Signal: SELL | Price: 1.16508
[5m-ppcenterline] 2026-01-08 21:42:55 - INFO - 🔍 SIGNAL DETECTED: SELL
[5m-ppcenterline] 2026-01-08 21:42:55 - INFO -    Candle Time: 2026-01-09 05:35:00+00:00
[5m-ppcenterline] 2026-01-08 21:42:55 - INFO -    Current Time: 2026-01-08 21:42:55
[5m-ppcenterline] 2026-01-08 21:42:55 - INFO -    Candle Age: 7.9 minutes
[5m-ppcenterline] 2026-01-08 21:42:55 - INFO -    Price: 1.16508
[5m-ppcenterline] 2026-01-08 21:42:55 - INFO -    SuperTrend: 1.16580
[5m-ppcenterline] 2026-01-08 21:42:55 - INFO -    Trend: -1
[5m-ppcenterline] 2026-01-08 21:42:55 - INFO -    Pivot Center: 1.16548
⏰ Skipping stale SELL signal: 475.5s old (max: 180s)
[5m-ppcenterline] 2026-01-08 21:43:56 - INFO - --------------------------------------------------------------------------------
[5m-ppcenterline] 2026-01-08 21:43:56 - INFO - Time: 2026-01-08 21:43:56
[5m-ppcenterline] 2026-01-08 21:43:56 - INFO - Balance: $99960.64 | P/L: $0.00
[5m-ppcenterline] 2026-01-08 21:43:56 - INFO - Signal: SELL | Price: 1.16508
[5m-ppcenterline] 2026-01-08 21:43:56 - INFO - 🔍 SIGNAL DETECTED: SELL
[5m-ppcenterline] 2026-01-08 21:43:56 - INFO -    Candle Time: 2026-01-09 05:35:00+00:00
[5m-ppcenterline] 2026-01-08 21:43:56 - INFO -    Current Time: 2026-01-08 21:43:56
[5m-ppcenterline] 2026-01-08 21:43:56 - INFO -    Candle Age: 8.9 minutes
[5m-ppcenterline] 2026-01-08 21:43:56 - INFO -    Price: 1.16508
[5m-ppcenterline] 2026-01-08 21:43:56 - INFO -    SuperTrend: 1.16580
[5m-ppcenterline] 2026-01-08 21:43:56 - INFO -    Trend: -1
[5m-ppcenterline] 2026-01-08 21:43:56 - INFO -    Pivot Center: 1.16548
⏰ Skipping stale SELL signal: 536.2s old (max: 180s)
[5m-ppcenterline] 2026-01-08 21:44:56 - INFO - --------------------------------------------------------------------------------
[5m-ppcenterline] 2026-01-08 21:44:56 - INFO - Time: 2026-01-08 21:44:56
[5m-ppcenterline] 2026-01-08 21:44:56 - INFO - Balance: $99960.64 | P/L: $0.00
[5m-ppcenterline] 2026-01-08 21:44:56 - INFO - Signal: SELL | Price: 1.16508
[5m-ppcenterline] 2026-01-08 21:44:56 - INFO - 🔍 SIGNAL DETECTED: SELL
[5m-ppcenterline] 2026-01-08 21:44:56 - INFO -    Candle Time: 2026-01-09 05:35:00+00:00
[5m-ppcenterline] 2026-01-08 21:44:56 - INFO -    Current Time: 2026-01-08 21:44:56
[5m-ppcenterline] 2026-01-08 21:44:56 - INFO -    Candle Age: 9.9 minutes
[5m-ppcenterline] 2026-01-08 21:44:56 - INFO -    Price: 1.16508
[5m-ppcenterline] 2026-01-08 21:44:56 - INFO -    SuperTrend: 1.16580
[5m-ppcenterline] 2026-01-08 21:44:56 - INFO -    Trend: -1
[5m-ppcenterline] 2026-01-08 21:44:56 - INFO -    Pivot Center: 1.16548
⏰ Skipping stale SELL signal: 596.7s old (max: 180s)
[5m-ppcenterline] 2026-01-08 21:45:57 - INFO - --------------------------------------------------------------------------------
[5m-ppcenterline] 2026-01-08 21:45:57 - INFO - Time: 2026-01-08 21:45:57
[5m-ppcenterline] 2026-01-08 21:45:57 - INFO - Balance: $99960.64 | P/L: $0.00
[5m-ppcenterline] 2026-01-08 21:45:57 - INFO - Signal: HOLD_SHORT | Price: 1.16512
⏰ Skipping stale HOLD_SHORT signal: 357.3s old (max: 180s)
[5m-ppcenterline] 2026-01-08 21:46:57 - INFO - --------------------------------------------------------------------------------
[5m-ppcenterline] 2026-01-08 21:46:57 - INFO - Time: 2026-01-08 21:46:57
[5m-ppcenterline] 2026-01-08 21:46:57 - INFO - Balance: $99960.64 | P/L: $0.00
[5m-ppcenterline] 2026-01-08 21:46:57 - INFO - Signal: HOLD_SHORT | Price: 1.16512
⏰ Skipping stale HOLD_SHORT signal: 417.8s old (max: 180s)
[5m-ppcenterline] 2026-01-08 21:47:58 - INFO - --------------------------------------------------------------------------------
[5m-ppcenterline] 2026-01-08 21:47:58 - INFO - Time: 2026-01-08 21:47:58
[5m-ppcenterline] 2026-01-08 21:47:58 - INFO - Balance: $99960.64 | P/L: $0.00
[5m-ppcenterline] 2026-01-08 21:47:58 - INFO - Signal: HOLD_SHORT | Price: 1.16512
⏰ Skipping stale HOLD_SHORT signal: 478.4s old (max: 180s)
[5m-ppcenterline] 2026-01-08 21:48:59 - INFO - --------------------------------------------------------------------------------
[5m-ppcenterline] 2026-01-08 21:48:59 - INFO - Time: 2026-01-08 21:48:59
[5m-ppcenterline] 2026-01-08 21:48:59 - INFO - Balance: $99960.64 | P/L: $0.00
[5m-ppcenterline] 2026-01-08 21:48:59 - INFO - Signal: HOLD_SHORT | Price: 1.16512
⏰ Skipping stale HOLD_SHORT signal: 538.9s old (max: 180s)
[5m-ppcenterline] 2026-01-08 21:49:59 - INFO - --------------------------------------------------------------------------------
[5m-ppcenterline] 2026-01-08 21:49:59 - INFO - Time: 2026-01-08 21:49:59
[5m-ppcenterline] 2026-01-08 21:49:59 - INFO - Balance: $99960.64 | P/L: $0.00
[5m-ppcenterline] 2026-01-08 21:49:59 - INFO - Signal: HOLD_SHORT | Price: 1.16512
⏰ Skipping stale HOLD_SHORT signal: 599.4s old (max: 180s)
[5m-ppcenterline] 2026-01-08 21:51:00 - INFO - --------------------------------------------------------------------------------
[5m-ppcenterline] 2026-01-08 21:51:00 - INFO - Time: 2026-01-08 21:51:00
[5m-ppcenterline] 2026-01-08 21:51:00 - INFO - Balance: $99960.64 | P/L: $0.00
[5m-ppcenterline] 2026-01-08 21:51:00 - INFO - Signal: HOLD_SHORT | Price: 1.16518
⏰ Skipping stale HOLD_SHORT signal: 359.9s old (max: 180s)
[5m-ppcenterline] 2026-01-08 21:52:00 - INFO - --------------------------------------------------------------------------------
[5m-ppcenterline] 2026-01-08 21:52:00 - INFO - Time: 2026-01-08 21:52:00
[5m-ppcenterline] 2026-01-08 21:52:00 - INFO - Balance: $99960.64 | P/L: $0.00
[5m-ppcenterline] 2026-01-08 21:52:00 - INFO - Signal: HOLD_SHORT | Price: 1.16518
⏰ Skipping stale HOLD_SHORT signal: 420.5s old (max: 180s)
[5m-ppcenterline] 2026-01-08 21:53:01 - INFO - --------------------------------------------------------------------------------
[5m-ppcenterline] 2026-01-08 21:53:01 - INFO - Time: 2026-01-08 21:53:01
[5m-ppcenterline] 2026-01-08 21:53:01 - INFO - Balance: $99960.64 | P/L: $0.00
[5m-ppcenterline] 2026-01-08 21:53:01 - INFO - Signal: HOLD_SHORT | Price: 1.16518
⏰ Skipping stale HOLD_SHORT signal: 481.1s old (max: 180s)
[5m-ppcenterline] 2026-01-08 21:54:01 - INFO - --------------------------------------------------------------------------------
[5m-ppcenterline] 2026-01-08 21:54:01 - INFO - Time: 2026-01-08 21:54:01
[5m-ppcenterline] 2026-01-08 21:54:01 - INFO - Balance: $99960.64 | P/L: $0.00
[5m-ppcenterline] 2026-01-08 21:54:01 - INFO - Signal: HOLD_SHORT | Price: 1.16518
⏰ Skipping stale HOLD_SHORT signal: 541.6s old (max: 180s)
[5m-ppcenterline] 2026-01-08 21:55:02 - INFO - --------------------------------------------------------------------------------
[5m-ppcenterline] 2026-01-08 21:55:02 - INFO - Time: 2026-01-08 21:55:02
[5m-ppcenterline] 2026-01-08 21:55:02 - INFO - Balance: $99960.64 | P/L: $0.00
[5m-ppcenterline] 2026-01-08 21:55:02 - INFO - Signal: HOLD_SHORT | Price: 1.16503
⏰ Skipping stale HOLD_SHORT signal: 302.6s old (max: 180s)
[5m-ppcenterline] 2026-01-08 21:56:03 - INFO - --------------------------------------------------------------------------------
[5m-ppcenterline] 2026-01-08 21:56:03 - INFO - Time: 2026-01-08 21:56:03
[5m-ppcenterline] 2026-01-08 21:56:03 - INFO - Balance: $99960.64 | P/L: $0.00
[5m-ppcenterline] 2026-01-08 21:56:03 - INFO - Signal: HOLD_SHORT | Price: 1.16503
⏰ Skipping stale HOLD_SHORT signal: 363.1s old (max: 180s)
[5m-ppcenterline] 2026-01-08 21:57:04 - INFO - --------------------------------------------------------------------------------
[5m-ppcenterline] 2026-01-08 21:57:04 - INFO - Time: 2026-01-08 21:57:04
[5m-ppcenterline] 2026-01-08 21:57:04 - INFO - Balance: $99960.64 | P/L: $0.00
[5m-ppcenterline] 2026-01-08 21:57:04 - INFO - Signal: HOLD_SHORT | Price: 1.16503
⏰ Skipping stale HOLD_SHORT signal: 424.1s old (max: 180s)
[5m-ppcenterline] 2026-01-08 21:58:04 - INFO - --------------------------------------------------------------------------------
[5m-ppcenterline] 2026-01-08 21:58:04 - INFO - Time: 2026-01-08 21:58:04
[5m-ppcenterline] 2026-01-08 21:58:04 - INFO - Balance: $99960.64 | P/L: $0.00
[5m-ppcenterline] 2026-01-08 21:58:04 - INFO - Signal: HOLD_SHORT | Price: 1.16503
⏰ Skipping stale HOLD_SHORT signal: 484.7s old (max: 180s)
[5m-ppcenterline] 2026-01-08 21:59:05 - INFO - --------------------------------------------------------------------------------
[5m-ppcenterline] 2026-01-08 21:59:05 - INFO - Time: 2026-01-08 21:59:05
[5m-ppcenterline] 2026-01-08 21:59:05 - INFO - Balance: $99960.64 | P/L: $0.00
[5m-ppcenterline] 2026-01-08 21:59:05 - INFO - Signal: HOLD_SHORT | Price: 1.16503
⏰ Skipping stale HOLD_SHORT signal: 545.2s old (max: 180s)
[5m-ppcenterline] 2026-01-08 22:00:05 - INFO - --------------------------------------------------------------------------------
[5m-ppcenterline] 2026-01-08 22:00:05 - INFO - Time: 2026-01-08 22:00:05
[5m-ppcenterline] 2026-01-08 22:00:05 - INFO - Balance: $99960.64 | P/L: $0.00
[5m-ppcenterline] 2026-01-08 22:00:05 - INFO - Signal: HOLD_SHORT | Price: 1.16511
⏰ Skipping stale HOLD_SHORT signal: 305.8s old (max: 180s)
[5m-ppcenterline] 2026-01-08 22:01:06 - INFO - --------------------------------------------------------------------------------
[5m-ppcenterline] 2026-01-08 22:01:06 - INFO - Time: 2026-01-08 22:01:06
[5m-ppcenterline] 2026-01-08 22:01:06 - INFO - Balance: $99960.64 | P/L: $0.00
[5m-ppcenterline] 2026-01-08 22:01:06 - INFO - Signal: HOLD_SHORT | Price: 1.16511
⏰ Skipping stale HOLD_SHORT signal: 366.4s old (max: 180s)
[5m-ppcenterline] 2026-01-08 22:02:07 - INFO - --------------------------------------------------------------------------------
[5m-ppcenterline] 2026-01-08 22:02:07 - INFO - Time: 2026-01-08 22:02:07
[5m-ppcenterline] 2026-01-08 22:02:07 - INFO - Balance: $99960.64 | P/L: $0.00
[5m-ppcenterline] 2026-01-08 22:02:07 - INFO - Signal: HOLD_SHORT | Price: 1.16511
⏰ Skipping stale HOLD_SHORT signal: 427.0s old (max: 180s)
[5m-ppcenterline] 2026-01-08 22:03:07 - INFO - --------------------------------------------------------------------------------
[5m-ppcenterline] 2026-01-08 22:03:07 - INFO - Time: 2026-01-08 22:03:07
[5m-ppcenterline] 2026-01-08 22:03:07 - INFO - Balance: $99960.64 | P/L: $0.00
[5m-ppcenterline] 2026-01-08 22:03:07 - INFO - Signal: HOLD_SHORT | Price: 1.16511
⏰ Skipping stale HOLD_SHORT signal: 487.5s old (max: 180s)
[5m-ppcenterline] 2026-01-08 22:04:08 - INFO - --------------------------------------------------------------------------------
[5m-ppcenterline] 2026-01-08 22:04:08 - INFO - Time: 2026-01-08 22:04:08
[5m-ppcenterline] 2026-01-08 22:04:08 - INFO - Balance: $99960.64 | P/L: $0.00
[5m-ppcenterline] 2026-01-08 22:04:08 - INFO - Signal: HOLD_SHORT | Price: 1.16511
⏰ Skipping stale HOLD_SHORT signal: 548.1s old (max: 180s)
[5m-ppcenterline] 2026-01-08 22:05:08 - INFO - --------------------------------------------------------------------------------
[5m-ppcenterline] 2026-01-08 22:05:08 - INFO - Time: 2026-01-08 22:05:08
[5m-ppcenterline] 2026-01-08 22:05:08 - INFO - Balance: $99960.64 | P/L: $0.00
[5m-ppcenterline] 2026-01-08 22:05:08 - INFO - Signal: HOLD_SHORT | Price: 1.16522
⏰ Skipping stale HOLD_SHORT signal: 308.6s old (max: 180s)
[5m-ppcenterline] 2026-01-08 22:06:09 - INFO - --------------------------------------------------------------------------------
[5m-ppcenterline] 2026-01-08 22:06:09 - INFO - Time: 2026-01-08 22:06:09
[5m-ppcenterline] 2026-01-08 22:06:09 - INFO - Balance: $99960.64 | P/L: $0.00
[5m-ppcenterline] 2026-01-08 22:06:09 - INFO - Signal: HOLD_SHORT | Price: 1.16522
⏰ Skipping stale HOLD_SHORT signal: 369.3s old (max: 180s)
[5m-ppcenterline] 2026-01-08 22:07:10 - INFO - --------------------------------------------------------------------------------
[5m-ppcenterline] 2026-01-08 22:07:10 - INFO - Time: 2026-01-08 22:07:10
[5m-ppcenterline] 2026-01-08 22:07:10 - INFO - Balance: $99960.64 | P/L: $0.00
[5m-ppcenterline] 2026-01-08 22:07:10 - INFO - Signal: HOLD_SHORT | Price: 1.16522
⏰ Skipping stale HOLD_SHORT signal: 429.9s old (max: 180s)
[5m-ppcenterline] 2026-01-08 22:08:10 - INFO - --------------------------------------------------------------------------------
[5m-ppcenterline] 2026-01-08 22:08:10 - INFO - Time: 2026-01-08 22:08:10
[5m-ppcenterline] 2026-01-08 22:08:10 - INFO - Balance: $99960.64 | P/L: $0.00
[5m-ppcenterline] 2026-01-08 22:08:10 - INFO - Signal: HOLD_SHORT | Price: 1.16522
⏰ Skipping stale HOLD_SHORT signal: 490.5s old (max: 180s)
[5m-ppcenterline] 2026-01-08 22:09:11 - INFO - --------------------------------------------------------------------------------
[5m-ppcenterline] 2026-01-08 22:09:11 - INFO - Time: 2026-01-08 22:09:11
[5m-ppcenterline] 2026-01-08 22:09:11 - INFO - Balance: $99960.64 | P/L: $0.00
[5m-ppcenterline] 2026-01-08 22:09:11 - INFO - Signal: HOLD_SHORT | Price: 1.16522
⏰ Skipping stale HOLD_SHORT signal: 551.0s old (max: 180s)
[5m-ppcenterline] 2026-01-08 22:10:12 - INFO - --------------------------------------------------------------------------------
[5m-ppcenterline] 2026-01-08 22:10:12 - INFO - Time: 2026-01-08 22:10:12
[5m-ppcenterline] 2026-01-08 22:10:12 - INFO - Balance: $99960.64 | P/L: $0.00
[5m-ppcenterline] 2026-01-08 22:10:12 - INFO - Signal: HOLD_SHORT | Price: 1.16498
⏰ Skipping stale HOLD_SHORT signal: 312.1s old (max: 180s)
[5m-ppcenterline] 2026-01-08 22:11:13 - INFO - --------------------------------------------------------------------------------
[5m-ppcenterline] 2026-01-08 22:11:13 - INFO - Time: 2026-01-08 22:11:13
[5m-ppcenterline] 2026-01-08 22:11:13 - INFO - Balance: $99960.64 | P/L: $0.00
[5m-ppcenterline] 2026-01-08 22:11:13 - INFO - Signal: HOLD_SHORT | Price: 1.16498
⏰ Skipping stale HOLD_SHORT signal: 372.6s old (max: 180s)
[5m-ppcenterline] 2026-01-08 22:12:13 - INFO - --------------------------------------------------------------------------------
[5m-ppcenterline] 2026-01-08 22:12:13 - INFO - Time: 2026-01-08 22:12:13
[5m-ppcenterline] 2026-01-08 22:12:13 - INFO - Balance: $99960.64 | P/L: $0.00
[5m-ppcenterline] 2026-01-08 22:12:13 - INFO - Signal: HOLD_SHORT | Price: 1.16498
⏰ Skipping stale HOLD_SHORT signal: 433.6s old (max: 180s)
[5m-ppcenterline] 2026-01-08 22:13:14 - INFO - --------------------------------------------------------------------------------
[5m-ppcenterline] 2026-01-08 22:13:14 - INFO - Time: 2026-01-08 22:13:14
[5m-ppcenterline] 2026-01-08 22:13:14 - INFO - Balance: $99960.64 | P/L: $0.00
[5m-ppcenterline] 2026-01-08 22:13:14 - INFO - Signal: HOLD_SHORT | Price: 1.16498
⏰ Skipping stale HOLD_SHORT signal: 494.8s old (max: 180s)
[5m-ppcenterline] 2026-01-08 22:14:15 - INFO - --------------------------------------------------------------------------------
[5m-ppcenterline] 2026-01-08 22:14:15 - INFO - Time: 2026-01-08 22:14:15
[5m-ppcenterline] 2026-01-08 22:14:15 - INFO - Balance: $99960.64 | P/L: $0.00
[5m-ppcenterline] 2026-01-08 22:14:15 - INFO - Signal: HOLD_SHORT | Price: 1.16498
⏰ Skipping stale HOLD_SHORT signal: 555.3s old (max: 180s)
[5m-ppcenterline] 2026-01-08 22:15:15 - INFO - --------------------------------------------------------------------------------
[5m-ppcenterline] 2026-01-08 22:15:15 - INFO - Time: 2026-01-08 22:15:15
[5m-ppcenterline] 2026-01-08 22:15:15 - INFO - Balance: $99960.64 | P/L: $0.00
[5m-ppcenterline] 2026-01-08 22:15:15 - INFO - Signal: HOLD_SHORT | Price: 1.16493
⏰ Skipping stale HOLD_SHORT signal: 315.8s old (max: 180s)
[5m-ppcenterline] 2026-01-08 22:16:16 - INFO - --------------------------------------------------------------------------------
[5m-ppcenterline] 2026-01-08 22:16:16 - INFO - Time: 2026-01-08 22:16:16
[5m-ppcenterline] 2026-01-08 22:16:16 - INFO - Balance: $99960.64 | P/L: $0.00
[5m-ppcenterline] 2026-01-08 22:16:16 - INFO - Signal: HOLD_SHORT | Price: 1.16493
⏰ Skipping stale HOLD_SHORT signal: 376.4s old (max: 180s)
[5m-ppcenterline] 2026-01-08 22:17:17 - INFO - --------------------------------------------------------------------------------
[5m-ppcenterline] 2026-01-08 22:17:17 - INFO - Time: 2026-01-08 22:17:17
[5m-ppcenterline] 2026-01-08 22:17:17 - INFO - Balance: $99960.64 | P/L: $0.00
[5m-ppcenterline] 2026-01-08 22:17:17 - INFO - Signal: HOLD_SHORT | Price: 1.16493
⏰ Skipping stale HOLD_SHORT signal: 437.0s old (max: 180s)
[5m-ppcenterline] 2026-01-08 22:18:17 - INFO - --------------------------------------------------------------------------------
[5m-ppcenterline] 2026-01-08 22:18:17 - INFO - Time: 2026-01-08 22:18:17
[5m-ppcenterline] 2026-01-08 22:18:17 - INFO - Balance: $99960.64 | P/L: $0.00
[5m-ppcenterline] 2026-01-08 22:18:17 - INFO - Signal: HOLD_SHORT | Price: 1.16493
⏰ Skipping stale HOLD_SHORT signal: 497.7s old (max: 180s)
[5m-ppcenterline] 2026-01-08 22:19:18 - INFO - --------------------------------------------------------------------------------
[5m-ppcenterline] 2026-01-08 22:19:18 - INFO - Time: 2026-01-08 22:19:18
[5m-ppcenterline] 2026-01-08 22:19:18 - INFO - Balance: $99960.64 | P/L: $0.00
[5m-ppcenterline] 2026-01-08 22:19:18 - INFO - Signal: HOLD_SHORT | Price: 1.16493
⏰ Skipping stale HOLD_SHORT signal: 558.2s old (max: 180s)
[5m-ppcenterline] 2026-01-08 22:20:18 - INFO - --------------------------------------------------------------------------------
[5m-ppcenterline] 2026-01-08 22:20:18 - INFO - Time: 2026-01-08 22:20:18
[5m-ppcenterline] 2026-01-08 22:20:18 - INFO - Balance: $99960.64 | P/L: $0.00
[5m-ppcenterline] 2026-01-08 22:20:18 - INFO - Signal: HOLD_SHORT | Price: 1.16501
⏰ Skipping stale HOLD_SHORT signal: 318.8s old (max: 180s)
[5m-ppcenterline] 2026-01-08 22:21:19 - INFO - --------------------------------------------------------------------------------
[5m-ppcenterline] 2026-01-08 22:21:19 - INFO - Time: 2026-01-08 22:21:19
[5m-ppcenterline] 2026-01-08 22:21:19 - INFO - Balance: $99960.64 | P/L: $0.00
[5m-ppcenterline] 2026-01-08 22:21:19 - INFO - Signal: HOLD_SHORT | Price: 1.16501
⏰ Skipping stale HOLD_SHORT signal: 379.5s old (max: 180s)
[5m-ppcenterline] 2026-01-08 22:22:20 - INFO - --------------------------------------------------------------------------------
[5m-ppcenterline] 2026-01-08 22:22:20 - INFO - Time: 2026-01-08 22:22:20
[5m-ppcenterline] 2026-01-08 22:22:20 - INFO - Balance: $99960.64 | P/L: $0.00
[5m-ppcenterline] 2026-01-08 22:22:20 - INFO - Signal: HOLD_SHORT | Price: 1.16501
⏰ Skipping stale HOLD_SHORT signal: 440.1s old (max: 180s)
[5m-ppcenterline] 2026-01-08 22:23:20 - INFO - --------------------------------------------------------------------------------
[5m-ppcenterline] 2026-01-08 22:23:20 - INFO - Time: 2026-01-08 22:23:20
[5m-ppcenterline] 2026-01-08 22:23:20 - INFO - Balance: $99960.64 | P/L: $0.00
[5m-ppcenterline] 2026-01-08 22:23:20 - INFO - Signal: HOLD_SHORT | Price: 1.16501
⏰ Skipping stale HOLD_SHORT signal: 500.6s old (max: 180s)
[5m-ppcenterline] 2026-01-08 22:24:21 - INFO - --------------------------------------------------------------------------------
[5m-ppcenterline] 2026-01-08 22:24:21 - INFO - Time: 2026-01-08 22:24:21
[5m-ppcenterline] 2026-01-08 22:24:21 - INFO - Balance: $99960.64 | P/L: $0.00
[5m-ppcenterline] 2026-01-08 22:24:21 - INFO - Signal: HOLD_SHORT | Price: 1.16501
⏰ Skipping stale HOLD_SHORT signal: 561.1s old (max: 180s)
[5m-ppcenterline] 2026-01-08 22:25:21 - INFO - --------------------------------------------------------------------------------
[5m-ppcenterline] 2026-01-08 22:25:21 - INFO - Time: 2026-01-08 22:25:21
[5m-ppcenterline] 2026-01-08 22:25:21 - INFO - Balance: $99960.64 | P/L: $0.00
[5m-ppcenterline] 2026-01-08 22:25:21 - INFO - Signal: HOLD_SHORT | Price: 1.16498
⏰ Skipping stale HOLD_SHORT signal: 321.7s old (max: 180s)
[5m-ppcenterline] 2026-01-08 22:26:22 - INFO - --------------------------------------------------------------------------------
[5m-ppcenterline] 2026-01-08 22:26:22 - INFO - Time: 2026-01-08 22:26:22
[5m-ppcenterline] 2026-01-08 22:26:22 - INFO - Balance: $99960.64 | P/L: $0.00
[5m-ppcenterline] 2026-01-08 22:26:22 - INFO - Signal: HOLD_SHORT | Price: 1.16498
⏰ Skipping stale HOLD_SHORT signal: 382.3s old (max: 180s)
[5m-ppcenterline] 2026-01-08 22:27:23 - INFO - --------------------------------------------------------------------------------
[5m-ppcenterline] 2026-01-08 22:27:23 - INFO - Time: 2026-01-08 22:27:23
[5m-ppcenterline] 2026-01-08 22:27:23 - INFO - Balance: $99960.64 | P/L: $0.00
[5m-ppcenterline] 2026-01-08 22:27:23 - INFO - Signal: HOLD_SHORT | Price: 1.16498
⏰ Skipping stale HOLD_SHORT signal: 442.9s old (max: 180s)
[5m-ppcenterline] 2026-01-08 22:28:23 - INFO - --------------------------------------------------------------------------------
[5m-ppcenterline] 2026-01-08 22:28:23 - INFO - Time: 2026-01-08 22:28:23
[5m-ppcenterline] 2026-01-08 22:28:23 - INFO - Balance: $99960.64 | P/L: $0.00
[5m-ppcenterline] 2026-01-08 22:28:23 - INFO - Signal: HOLD_SHORT | Price: 1.16498
⏰ Skipping stale HOLD_SHORT signal: 503.5s old (max: 180s)
[5m-ppcenterline] 2026-01-08 22:29:24 - INFO - --------------------------------------------------------------------------------
[5m-ppcenterline] 2026-01-08 22:29:24 - INFO - Time: 2026-01-08 22:29:24
[5m-ppcenterline] 2026-01-08 22:29:24 - INFO - Balance: $99960.64 | P/L: $0.00
[5m-ppcenterline] 2026-01-08 22:29:24 - INFO - Signal: HOLD_SHORT | Price: 1.16498
⏰ Skipping stale HOLD_SHORT signal: 564.0s old (max: 180s)
[5m-ppcenterline] 2026-01-08 22:30:24 - INFO - --------------------------------------------------------------------------------
[5m-ppcenterline] 2026-01-08 22:30:24 - INFO - Time: 2026-01-08 22:30:24
[5m-ppcenterline] 2026-01-08 22:30:24 - INFO - Balance: $99960.64 | P/L: $0.00
[5m-ppcenterline] 2026-01-08 22:30:24 - INFO - Signal: HOLD_SHORT | Price: 1.16508
⏰ Skipping stale HOLD_SHORT signal: 324.6s old (max: 180s)
